[2016-05-22T15:38:02.759-0300] [glassfish 4.0] [INFO] [NCLS-COMUTIL-00017] [javax.enterprise.system.util] [tid: _ThreadID=36 _ThreadName=admin-listener(4)] [timeMillis: 1463942282759] [levelValue: 800] [[
  entities.paciente actually got transformed]]

[2016-05-22T15:38:02.950-0300] [glassfish 4.0] [INFO] [NCLS-COMUTIL-00017] [javax.enterprise.system.util] [tid: _ThreadID=36 _ThreadName=admin-listener(4)] [timeMillis: 1463942282950] [levelValue: 800] [[
  entities.nacionalidad actually got transformed]]

[2016-05-22T15:38:02.981-0300] [glassfish 4.0] [INFO] [NCLS-COMUTIL-00017] [javax.enterprise.system.util] [tid: _ThreadID=36 _ThreadName=admin-listener(4)] [timeMillis: 1463942282981] [levelValue: 800] [[
  entities.ley_social actually got transformed]]

[2016-05-22T15:38:02.998-0300] [glassfish 4.0] [INFO] [NCLS-COMUTIL-00017] [javax.enterprise.system.util] [tid: _ThreadID=36 _ThreadName=admin-listener(4)] [timeMillis: 1463942282998] [levelValue: 800] [[
  entities.prevision actually got transformed]]

[2016-05-22T15:38:03.032-0300] [glassfish 4.0] [INFO] [NCLS-COMUTIL-00017] [javax.enterprise.system.util] [tid: _ThreadID=36 _ThreadName=admin-listener(4)] [timeMillis: 1463942283032] [levelValue: 800] [[
  entities.estado_civil actually got transformed]]

[2016-05-22T15:38:03.083-0300] [glassfish 4.0] [INFO] [NCLS-COMUTIL-00017] [javax.enterprise.system.util] [tid: _ThreadID=36 _ThreadName=admin-listener(4)] [timeMillis: 1463942283083] [levelValue: 800] [[
  entities.cesfam actually got transformed]]

[2016-05-22T15:38:03.093-0300] [glassfish 4.0] [INFO] [NCLS-COMUTIL-00017] [javax.enterprise.system.util] [tid: _ThreadID=36 _ThreadName=admin-listener(4)] [timeMillis: 1463942283093] [levelValue: 800] [[
  entities.region actually got transformed]]

[2016-05-22T15:38:03.115-0300] [glassfish 4.0] [INFO] [NCLS-COMUTIL-00017] [javax.enterprise.system.util] [tid: _ThreadID=36 _ThreadName=admin-listener(4)] [timeMillis: 1463942283115] [levelValue: 800] [[
  entities.comuna actually got transformed]]

[2016-05-22T15:38:03.125-0300] [glassfish 4.0] [INFO] [NCLS-COMUTIL-00017] [javax.enterprise.system.util] [tid: _ThreadID=36 _ThreadName=admin-listener(4)] [timeMillis: 1463942283125] [levelValue: 800] [[
  entities.pueblo_originario actually got transformed]]

[2016-05-22T15:38:03.222-0300] [glassfish 4.0] [INFO] [NCLS-COMUTIL-00017] [javax.enterprise.system.util] [tid: _ThreadID=36 _ThreadName=admin-listener(4)] [timeMillis: 1463942283222] [levelValue: 800] [[
  entities.Crafft actually got transformed]]

[2016-05-22T15:38:03.282-0300] [glassfish 4.0] [INFO] [NCLS-COMUTIL-00017] [javax.enterprise.system.util] [tid: _ThreadID=36 _ThreadName=admin-listener(4)] [timeMillis: 1463942283282] [levelValue: 800] [[
  entities.clap actually got transformed]]

[2016-05-22T15:38:03.311-0300] [glassfish 4.0] [INFO] [NCLS-COMUTIL-00017] [javax.enterprise.system.util] [tid: _ThreadID=36 _ThreadName=admin-listener(4)] [timeMillis: 1463942283311] [levelValue: 800] [[
  entities.Auditoria actually got transformed]]

[2016-05-22T15:38:03.368-0300] [glassfish 4.0] [INFO] [NCLS-COMUTIL-00017] [javax.enterprise.system.util] [tid: _ThreadID=36 _ThreadName=admin-listener(4)] [timeMillis: 1463942283368] [levelValue: 800] [[
  entities.audit actually got transformed]]

[2016-05-22T15:38:03.386-0300] [glassfish 4.0] [INFO] [NCLS-COMUTIL-00017] [javax.enterprise.system.util] [tid: _ThreadID=36 _ThreadName=admin-listener(4)] [timeMillis: 1463942283386] [levelValue: 800] [[
  entities.Usuario actually got transformed]]

[2016-05-22T15:38:03.398-0300] [glassfish 4.0] [INFO] [NCLS-COMUTIL-00017] [javax.enterprise.system.util] [tid: _ThreadID=36 _ThreadName=admin-listener(4)] [timeMillis: 1463942283398] [levelValue: 800] [[
  entities.Rol actually got transformed]]

[2016-05-22T15:38:03.594-0300] [glassfish 4.0] [INFO] [] [org.eclipse.persistence.session.file:/D:/documentos/USACH/2016/primer semestre/PINGESO/SSMS-PSA_y_Epicrisis/SSMS-PSA_y_Epicrisis/SSMS-PSA-y-Epicrisis/SSMS-PSA_y_Epicrisis-ear/target/gfdeploy/SSMS-PSA_y_Epicrisis-ear/SSMS-PSA_y_Epicrisis-ejb-1.0_jar/_cl.diinf_SSMS-PSA_y_Epicrisis-ejb_ejb_1.0PU] [tid: _ThreadID=36 _ThreadName=admin-listener(4)] [timeMillis: 1463942283594] [levelValue: 800] [[
  EclipseLink, version: Eclipse Persistence Services - 2.5.0.v20130507-3faac2b]]

[2016-05-22T15:38:04.512-0300] [glassfish 4.0] [INFO] [] [org.eclipse.persistence.session.file:/D:/documentos/USACH/2016/primer semestre/PINGESO/SSMS-PSA_y_Epicrisis/SSMS-PSA_y_Epicrisis/SSMS-PSA-y-Epicrisis/SSMS-PSA_y_Epicrisis-ear/target/gfdeploy/SSMS-PSA_y_Epicrisis-ear/SSMS-PSA_y_Epicrisis-ejb-1.0_jar/_cl.diinf_SSMS-PSA_y_Epicrisis-ejb_ejb_1.0PU.connection] [tid: _ThreadID=36 _ThreadName=admin-listener(4)] [timeMillis: 1463942284512] [levelValue: 800] [[
  file:/D:/documentos/USACH/2016/primer semestre/PINGESO/SSMS-PSA_y_Epicrisis/SSMS-PSA_y_Epicrisis/SSMS-PSA-y-Epicrisis/SSMS-PSA_y_Epicrisis-ear/target/gfdeploy/SSMS-PSA_y_Epicrisis-ear/SSMS-PSA_y_Epicrisis-ejb-1.0_jar/_cl.diinf_SSMS-PSA_y_Epicrisis-ejb_ejb_1.0PU login successful]]

[2016-05-22T15:38:08.892-0300] [glassfish 4.0] [INFO] [ejb.portable_jndi_names] [javax.enterprise.system.container.ejb.com.sun.ejb.containers] [tid: _ThreadID=36 _ThreadName=admin-listener(4)] [timeMillis: 1463942288892] [levelValue: 800] [[
  EJB5181:Portable JNDI names for EJB ley_socialFacade: [java:global/SSMS-PSA_y_Epicrisis-ear/SSMS-PSA_y_Epicrisis-ejb-1.0/ley_socialFacade!sessionbeans.ley_socialFacadeLocal, java:global/SSMS-PSA_y_Epicrisis-ear/SSMS-PSA_y_Epicrisis-ejb-1.0/ley_socialFacade]]]

[2016-05-22T15:38:08.952-0300] [glassfish 4.0] [INFO] [ejb.portable_jndi_names] [javax.enterprise.system.container.ejb.com.sun.ejb.containers] [tid: _ThreadID=36 _ThreadName=admin-listener(4)] [timeMillis: 1463942288952] [levelValue: 800] [[
  EJB5181:Portable JNDI names for EJB previsionFacade: [java:global/SSMS-PSA_y_Epicrisis-ear/SSMS-PSA_y_Epicrisis-ejb-1.0/previsionFacade, java:global/SSMS-PSA_y_Epicrisis-ear/SSMS-PSA_y_Epicrisis-ejb-1.0/previsionFacade!sessionbeans.previsionFacadeLocal]]]

[2016-05-22T15:38:08.969-0300] [glassfish 4.0] [INFO] [ejb.portable_jndi_names] [javax.enterprise.system.container.ejb.com.sun.ejb.containers] [tid: _ThreadID=36 _ThreadName=admin-listener(4)] [timeMillis: 1463942288969] [levelValue: 800] [[
  EJB5181:Portable JNDI names for EJB nacionalidadFacade: [java:global/SSMS-PSA_y_Epicrisis-ear/SSMS-PSA_y_Epicrisis-ejb-1.0/nacionalidadFacade, java:global/SSMS-PSA_y_Epicrisis-ear/SSMS-PSA_y_Epicrisis-ejb-1.0/nacionalidadFacade!sessionbeans.nacionalidadFacadeLocal]]]

[2016-05-22T15:38:08.985-0300] [glassfish 4.0] [INFO] [ejb.portable_jndi_names] [javax.enterprise.system.container.ejb.com.sun.ejb.containers] [tid: _ThreadID=36 _ThreadName=admin-listener(4)] [timeMillis: 1463942288985] [levelValue: 800] [[
  EJB5181:Portable JNDI names for EJB auditFacade: [java:global/SSMS-PSA_y_Epicrisis-ear/SSMS-PSA_y_Epicrisis-ejb-1.0/auditFacade!sessionbeans.auditFacadeLocal, java:global/SSMS-PSA_y_Epicrisis-ear/SSMS-PSA_y_Epicrisis-ejb-1.0/auditFacade]]]

[2016-05-22T15:38:09.001-0300] [glassfish 4.0] [INFO] [ejb.portable_jndi_names] [javax.enterprise.system.container.ejb.com.sun.ejb.containers] [tid: _ThreadID=36 _ThreadName=admin-listener(4)] [timeMillis: 1463942289001] [levelValue: 800] [[
  EJB5181:Portable JNDI names for EJB regionFacade: [java:global/SSMS-PSA_y_Epicrisis-ear/SSMS-PSA_y_Epicrisis-ejb-1.0/regionFacade!sessionbeans.regionFacadeLocal, java:global/SSMS-PSA_y_Epicrisis-ear/SSMS-PSA_y_Epicrisis-ejb-1.0/regionFacade]]]

[2016-05-22T15:38:09.038-0300] [glassfish 4.0] [INFO] [ejb.portable_jndi_names] [javax.enterprise.system.container.ejb.com.sun.ejb.containers] [tid: _ThreadID=36 _ThreadName=admin-listener(4)] [timeMillis: 1463942289038] [levelValue: 800] [[
  EJB5181:Portable JNDI names for EJB CrafftFacade: [java:global/SSMS-PSA_y_Epicrisis-ear/SSMS-PSA_y_Epicrisis-ejb-1.0/CrafftFacade, java:global/SSMS-PSA_y_Epicrisis-ear/SSMS-PSA_y_Epicrisis-ejb-1.0/CrafftFacade!sessionbeans.CrafftFacadeLocal]]]

[2016-05-22T15:38:09.061-0300] [glassfish 4.0] [INFO] [ejb.portable_jndi_names] [javax.enterprise.system.container.ejb.com.sun.ejb.containers] [tid: _ThreadID=36 _ThreadName=admin-listener(4)] [timeMillis: 1463942289061] [levelValue: 800] [[
  EJB5181:Portable JNDI names for EJB cesfamFacade: [java:global/SSMS-PSA_y_Epicrisis-ear/SSMS-PSA_y_Epicrisis-ejb-1.0/cesfamFacade, java:global/SSMS-PSA_y_Epicrisis-ear/SSMS-PSA_y_Epicrisis-ejb-1.0/cesfamFacade!sessionbeans.cesfamFacadeLocal]]]

[2016-05-22T15:38:09.078-0300] [glassfish 4.0] [INFO] [ejb.portable_jndi_names] [javax.enterprise.system.container.ejb.com.sun.ejb.containers] [tid: _ThreadID=36 _ThreadName=admin-listener(4)] [timeMillis: 1463942289078] [levelValue: 800] [[
  EJB5181:Portable JNDI names for EJB RolFacade: [java:global/SSMS-PSA_y_Epicrisis-ear/SSMS-PSA_y_Epicrisis-ejb-1.0/RolFacade!sessionbeans.RolFacadeLocal, java:global/SSMS-PSA_y_Epicrisis-ear/SSMS-PSA_y_Epicrisis-ejb-1.0/RolFacade]]]

[2016-05-22T15:38:09.131-0300] [glassfish 4.0] [INFO] [ejb.portable_jndi_names] [javax.enterprise.system.container.ejb.com.sun.ejb.containers] [tid: _ThreadID=36 _ThreadName=admin-listener(4)] [timeMillis: 1463942289131] [levelValue: 800] [[
  EJB5181:Portable JNDI names for EJB comunaFacade: [java:global/SSMS-PSA_y_Epicrisis-ear/SSMS-PSA_y_Epicrisis-ejb-1.0/comunaFacade, java:global/SSMS-PSA_y_Epicrisis-ear/SSMS-PSA_y_Epicrisis-ejb-1.0/comunaFacade!sessionbeans.comunaFacadeLocal]]]

[2016-05-22T15:38:09.144-0300] [glassfish 4.0] [INFO] [ejb.portable_jndi_names] [javax.enterprise.system.container.ejb.com.sun.ejb.containers] [tid: _ThreadID=36 _ThreadName=admin-listener(4)] [timeMillis: 1463942289144] [levelValue: 800] [[
  EJB5181:Portable JNDI names for EJB UsuarioFacade: [java:global/SSMS-PSA_y_Epicrisis-ear/SSMS-PSA_y_Epicrisis-ejb-1.0/UsuarioFacade, java:global/SSMS-PSA_y_Epicrisis-ear/SSMS-PSA_y_Epicrisis-ejb-1.0/UsuarioFacade!sessionbeans.UsuarioFacadeLocal]]]

[2016-05-22T15:38:09.190-0300] [glassfish 4.0] [INFO] [ejb.portable_jndi_names] [javax.enterprise.system.container.ejb.com.sun.ejb.containers] [tid: _ThreadID=36 _ThreadName=admin-listener(4)] [timeMillis: 1463942289190] [levelValue: 800] [[
  EJB5181:Portable JNDI names for EJB estado_civilFacade: [java:global/SSMS-PSA_y_Epicrisis-ear/SSMS-PSA_y_Epicrisis-ejb-1.0/estado_civilFacade!sessionbeans.estado_civilFacadeLocal, java:global/SSMS-PSA_y_Epicrisis-ear/SSMS-PSA_y_Epicrisis-ejb-1.0/estado_civilFacade]]]

[2016-05-22T15:38:09.253-0300] [glassfish 4.0] [INFO] [ejb.portable_jndi_names] [javax.enterprise.system.container.ejb.com.sun.ejb.containers] [tid: _ThreadID=36 _ThreadName=admin-listener(4)] [timeMillis: 1463942289253] [levelValue: 800] [[
  EJB5181:Portable JNDI names for EJB pacienteFacade: [java:global/SSMS-PSA_y_Epicrisis-ear/SSMS-PSA_y_Epicrisis-ejb-1.0/pacienteFacade!sessionbeans.pacienteFacadeLocal, java:global/SSMS-PSA_y_Epicrisis-ear/SSMS-PSA_y_Epicrisis-ejb-1.0/pacienteFacade]]]

[2016-05-22T15:38:09.266-0300] [glassfish 4.0] [INFO] [ejb.portable_jndi_names] [javax.enterprise.system.container.ejb.com.sun.ejb.containers] [tid: _ThreadID=36 _ThreadName=admin-listener(4)] [timeMillis: 1463942289266] [levelValue: 800] [[
  EJB5181:Portable JNDI names for EJB AuditoriaFacade: [java:global/SSMS-PSA_y_Epicrisis-ear/SSMS-PSA_y_Epicrisis-ejb-1.0/AuditoriaFacade, java:global/SSMS-PSA_y_Epicrisis-ear/SSMS-PSA_y_Epicrisis-ejb-1.0/AuditoriaFacade!sessionbeans.AuditoriaFacadeLocal]]]

[2016-05-22T15:38:09.334-0300] [glassfish 4.0] [INFO] [ejb.portable_jndi_names] [javax.enterprise.system.container.ejb.com.sun.ejb.containers] [tid: _ThreadID=36 _ThreadName=admin-listener(4)] [timeMillis: 1463942289334] [levelValue: 800] [[
  EJB5181:Portable JNDI names for EJB clapFacade: [java:global/SSMS-PSA_y_Epicrisis-ear/SSMS-PSA_y_Epicrisis-ejb-1.0/clapFacade!sessionbeans.clapFacadeLocal, java:global/SSMS-PSA_y_Epicrisis-ear/SSMS-PSA_y_Epicrisis-ejb-1.0/clapFacade]]]

[2016-05-22T15:38:09.347-0300] [glassfish 4.0] [INFO] [ejb.portable_jndi_names] [javax.enterprise.system.container.ejb.com.sun.ejb.containers] [tid: _ThreadID=36 _ThreadName=admin-listener(4)] [timeMillis: 1463942289347] [levelValue: 800] [[
  EJB5181:Portable JNDI names for EJB pueblo_originarioFacade: [java:global/SSMS-PSA_y_Epicrisis-ear/SSMS-PSA_y_Epicrisis-ejb-1.0/pueblo_originarioFacade, java:global/SSMS-PSA_y_Epicrisis-ear/SSMS-PSA_y_Epicrisis-ejb-1.0/pueblo_originarioFacade!sessionbeans.pueblo_originarioFacadeLocal]]]

[2016-05-22T15:38:09.616-0300] [glassfish 4.0] [INFO] [] [org.jboss.weld.Version] [tid: _ThreadID=36 _ThreadName=admin-listener(4)] [timeMillis: 1463942289616] [levelValue: 800] [[
  WELD-000900 2.0.0 (SP1)]]

[2016-05-22T15:38:12.384-0300] [glassfish 4.0] [WARNING] [] [org.jboss.weld.interceptor.util.InterceptionTypeRegistry] [tid: _ThreadID=36 _ThreadName=admin-listener(4)] [timeMillis: 1463942292384] [levelValue: 900] [[
  Class 'javax.ejb.PostActivate' not found, interception based on it is not enabled]]

[2016-05-22T15:38:12.385-0300] [glassfish 4.0] [WARNING] [] [org.jboss.weld.interceptor.util.InterceptionTypeRegistry] [tid: _ThreadID=36 _ThreadName=admin-listener(4)] [timeMillis: 1463942292385] [levelValue: 900] [[
  Class 'javax.ejb.PrePassivate' not found, interception based on it is not enabled]]

[2016-05-22T15:38:17.561-0300] [glassfish 4.0] [INFO] [jsf.config.listener.version] [javax.enterprise.resource.webcontainer.jsf.config] [tid: _ThreadID=36 _ThreadName=admin-listener(4)] [timeMillis: 1463942297561] [levelValue: 800] [[
  Inicializando Mojarra 2.2.0 ( 20130502-2118 https://svn.java.net/svn/mojarra~svn/tags/2.2.0@11930) para el contexto '/SSMS-PSA_y_Epicrisis-web']]

[2016-05-22T15:38:18.159-0300] [glassfish 4.0] [INFO] [] [net.bootsfaces.listeners.AddResourcesListener] [tid: _ThreadID=36 _ThreadName=admin-listener(4)] [timeMillis: 1463942298159] [levelValue: 800] [[
  net.bootsfaces.listeners.AddResourcesListener ready for use.]]

[2016-05-22T15:38:20.392-0300] [glassfish 4.0] [INFO] [] [javax.enterprise.resource.webcontainer.jsf.config] [tid: _ThreadID=36 _ThreadName=admin-listener(4)] [timeMillis: 1463942300392] [levelValue: 800] [[
  Monitoring jndi:/server/SSMS-PSA_y_Epicrisis-web/WEB-INF/faces-config.xml for modifications]]

[2016-05-22T15:38:20.485-0300] [glassfish 4.0] [INFO] [] [org.primefaces.webapp.PostConstructApplicationEventListener] [tid: _ThreadID=36 _ThreadName=admin-listener(4)] [timeMillis: 1463942300485] [levelValue: 800] [[
  Running on PrimeFaces 5.3]]

[2016-05-22T15:38:20.485-0300] [glassfish 4.0] [INFO] [] [org.primefaces.extensions.application.PostConstructApplicationEventListener] [tid: _ThreadID=36 _ThreadName=admin-listener(4)] [timeMillis: 1463942300485] [levelValue: 800] [[
  Running on PrimeFaces Extensions 4.0.0]]

[2016-05-22T15:38:20.541-0300] [glassfish 4.0] [INFO] [AS-WEB-GLUE-00172] [javax.enterprise.web] [tid: _ThreadID=36 _ThreadName=admin-listener(4)] [timeMillis: 1463942300541] [levelValue: 800] [[
  Loading application [SSMS-PSA_y_Epicrisis-ear#SSMS-PSA_y_Epicrisis-web-1.0.war] at [/SSMS-PSA_y_Epicrisis-web]]]

[2016-05-22T15:38:20.729-0300] [glassfish 4.0] [INFO] [] [javax.enterprise.system.core] [tid: _ThreadID=36 _ThreadName=admin-listener(4)] [timeMillis: 1463942300729] [levelValue: 800] [[
  SSMS-PSA_y_Epicrisis-ear was successfully deployed in 29.184 milliseconds.]]

[2016-05-22T15:38:56.499-0300] [glassfish 4.0] [INFO] [] [org.eclipse.persistence.session.file:/D:/documentos/USACH/2016/primer semestre/PINGESO/SSMS-PSA_y_Epicrisis/SSMS-PSA_y_Epicrisis/SSMS-PSA-y-Epicrisis/SSMS-PSA_y_Epicrisis-ear/target/gfdeploy/SSMS-PSA_y_Epicrisis-ear/SSMS-PSA_y_Epicrisis-ejb-1.0_jar/_cl.diinf_SSMS-PSA_y_Epicrisis-ejb_ejb_1.0PU.connection] [tid: _ThreadID=33 _ThreadName=admin-listener(1)] [timeMillis: 1463942336499] [levelValue: 800] [[
  file:/D:/documentos/USACH/2016/primer semestre/PINGESO/SSMS-PSA_y_Epicrisis/SSMS-PSA_y_Epicrisis/SSMS-PSA-y-Epicrisis/SSMS-PSA_y_Epicrisis-ear/target/gfdeploy/SSMS-PSA_y_Epicrisis-ear/SSMS-PSA_y_Epicrisis-ejb-1.0_jar/_cl.diinf_SSMS-PSA_y_Epicrisis-ejb_ejb_1.0PU logout successful]]

[2016-05-22T15:38:56.562-0300] [glassfish 4.0] [SEVERE] [] [javax.enterprise.web.util] [tid: _ThreadID=33 _ThreadName=admin-listener(1)] [timeMillis: 1463942336562] [levelValue: 1000] [[
  The web application [/SSMS-PSA_y_Epicrisis-web] created a ThreadLocal with key of type [java.lang.ThreadLocal] (value [java.lang.ThreadLocal@7aeb1908]) and a value of type [org.primefaces.context.DefaultRequestContext] (value [org.primefaces.context.DefaultRequestContext@37acfb98]) but failed to remove it when the web application was stopped. Threads are going to be renewed over time to try and avoid a probable memory leak.]]

[2016-05-22T15:38:56.564-0300] [glassfish 4.0] [SEVERE] [] [javax.enterprise.web.util] [tid: _ThreadID=33 _ThreadName=admin-listener(1)] [timeMillis: 1463942336564] [levelValue: 1000] [[
  The web application [/SSMS-PSA_y_Epicrisis-web] created a ThreadLocal with key of type [java.lang.ThreadLocal] (value [java.lang.ThreadLocal@7aeb1908]) and a value of type [org.primefaces.context.DefaultRequestContext] (value [org.primefaces.context.DefaultRequestContext@34297ce2]) but failed to remove it when the web application was stopped. Threads are going to be renewed over time to try and avoid a probable memory leak.]]

[2016-05-22T15:38:56.566-0300] [glassfish 4.0] [SEVERE] [] [javax.enterprise.web.util] [tid: _ThreadID=33 _ThreadName=admin-listener(1)] [timeMillis: 1463942336566] [levelValue: 1000] [[
  The web application [/SSMS-PSA_y_Epicrisis-web] created a ThreadLocal with key of type [java.lang.ThreadLocal] (value [java.lang.ThreadLocal@7aeb1908]) and a value of type [org.primefaces.context.DefaultRequestContext] (value [org.primefaces.context.DefaultRequestContext@3501b562]) but failed to remove it when the web application was stopped. Threads are going to be renewed over time to try and avoid a probable memory leak.]]

[2016-05-22T15:38:56.567-0300] [glassfish 4.0] [SEVERE] [] [javax.enterprise.web.util] [tid: _ThreadID=33 _ThreadName=admin-listener(1)] [timeMillis: 1463942336567] [levelValue: 1000] [[
  The web application [/SSMS-PSA_y_Epicrisis-web] created a ThreadLocal with key of type [java.lang.ThreadLocal] (value [java.lang.ThreadLocal@7aeb1908]) and a value of type [org.primefaces.context.DefaultRequestContext] (value [org.primefaces.context.DefaultRequestContext@1780d993]) but failed to remove it when the web application was stopped. Threads are going to be renewed over time to try and avoid a probable memory leak.]]

[2016-05-22T15:38:56.568-0300] [glassfish 4.0] [SEVERE] [] [javax.enterprise.web.util] [tid: _ThreadID=33 _ThreadName=admin-listener(1)] [timeMillis: 1463942336568] [levelValue: 1000] [[
  The web application [/SSMS-PSA_y_Epicrisis-web] created a ThreadLocal with key of type [java.lang.ThreadLocal] (value [java.lang.ThreadLocal@7aeb1908]) and a value of type [org.primefaces.context.DefaultRequestContext] (value [org.primefaces.context.DefaultRequestContext@47a090c0]) but failed to remove it when the web application was stopped. Threads are going to be renewed over time to try and avoid a probable memory leak.]]

[2016-05-22T15:38:56.594-0300] [glassfish 4.0] [WARNING] [AS-WEB-UTIL-00024] [javax.enterprise.web.util] [tid: _ThreadID=33 _ThreadName=admin-listener(1)] [timeMillis: 1463942336594] [levelValue: 900] [[
  Unable to delete D:\documentos\USACH\2016\primer semestre\PINGESO\servidor mysql\GlassFish_Server_Tutorial\glassfish\domains\domain1\generated\jsp\SSMS-PSA_y_Epicrisis-ear\SSMS-PSA_y_Epicrisis-web-1.0_war\loader_324773001\META-INF\resources\bsf\css\core.css]]

[2016-05-22T15:38:56.601-0300] [glassfish 4.0] [WARNING] [AS-WEB-UTIL-00024] [javax.enterprise.web.util] [tid: _ThreadID=33 _ThreadName=admin-listener(1)] [timeMillis: 1463942336601] [levelValue: 900] [[
  Unable to delete D:\documentos\USACH\2016\primer semestre\PINGESO\servidor mysql\GlassFish_Server_Tutorial\glassfish\domains\domain1\generated\jsp\SSMS-PSA_y_Epicrisis-ear\SSMS-PSA_y_Epicrisis-web-1.0_war\loader_324773001\META-INF\resources\bsf\css]]

[2016-05-22T15:38:56.689-0300] [glassfish 4.0] [WARNING] [AS-WEB-UTIL-00024] [javax.enterprise.web.util] [tid: _ThreadID=33 _ThreadName=admin-listener(1)] [timeMillis: 1463942336689] [levelValue: 900] [[
  Unable to delete D:\documentos\USACH\2016\primer semestre\PINGESO\servidor mysql\GlassFish_Server_Tutorial\glassfish\domains\domain1\generated\jsp\SSMS-PSA_y_Epicrisis-ear\SSMS-PSA_y_Epicrisis-web-1.0_war\loader_324773001\META-INF\resources\bsf]]

[2016-05-22T15:38:56.852-0300] [glassfish 4.0] [WARNING] [AS-WEB-UTIL-00024] [javax.enterprise.web.util] [tid: _ThreadID=33 _ThreadName=admin-listener(1)] [timeMillis: 1463942336852] [levelValue: 900] [[
  Unable to delete D:\documentos\USACH\2016\primer semestre\PINGESO\servidor mysql\GlassFish_Server_Tutorial\glassfish\domains\domain1\generated\jsp\SSMS-PSA_y_Epicrisis-ear\SSMS-PSA_y_Epicrisis-web-1.0_war\loader_324773001\META-INF\resources\primefaces\jquery\jquery-plugins.js]]

[2016-05-22T15:38:56.852-0300] [glassfish 4.0] [WARNING] [AS-WEB-UTIL-00024] [javax.enterprise.web.util] [tid: _ThreadID=33 _ThreadName=admin-listener(1)] [timeMillis: 1463942336852] [levelValue: 900] [[
  Unable to delete D:\documentos\USACH\2016\primer semestre\PINGESO\servidor mysql\GlassFish_Server_Tutorial\glassfish\domains\domain1\generated\jsp\SSMS-PSA_y_Epicrisis-ear\SSMS-PSA_y_Epicrisis-web-1.0_war\loader_324773001\META-INF\resources\primefaces\jquery\jquery.js]]

[2016-05-22T15:38:56.856-0300] [glassfish 4.0] [WARNING] [AS-WEB-UTIL-00024] [javax.enterprise.web.util] [tid: _ThreadID=33 _ThreadName=admin-listener(1)] [timeMillis: 1463942336856] [levelValue: 900] [[
  Unable to delete D:\documentos\USACH\2016\primer semestre\PINGESO\servidor mysql\GlassFish_Server_Tutorial\glassfish\domains\domain1\generated\jsp\SSMS-PSA_y_Epicrisis-ear\SSMS-PSA_y_Epicrisis-web-1.0_war\loader_324773001\META-INF\resources\primefaces\jquery]]

[2016-05-22T15:38:56.955-0300] [glassfish 4.0] [WARNING] [AS-WEB-UTIL-00024] [javax.enterprise.web.util] [tid: _ThreadID=33 _ThreadName=admin-listener(1)] [timeMillis: 1463942336955] [levelValue: 900] [[
  Unable to delete D:\documentos\USACH\2016\primer semestre\PINGESO\servidor mysql\GlassFish_Server_Tutorial\glassfish\domains\domain1\generated\jsp\SSMS-PSA_y_Epicrisis-ear\SSMS-PSA_y_Epicrisis-web-1.0_war\loader_324773001\META-INF\resources\primefaces\primefaces.css]]

[2016-05-22T15:38:56.956-0300] [glassfish 4.0] [WARNING] [AS-WEB-UTIL-00024] [javax.enterprise.web.util] [tid: _ThreadID=33 _ThreadName=admin-listener(1)] [timeMillis: 1463942336956] [levelValue: 900] [[
  Unable to delete D:\documentos\USACH\2016\primer semestre\PINGESO\servidor mysql\GlassFish_Server_Tutorial\glassfish\domains\domain1\generated\jsp\SSMS-PSA_y_Epicrisis-ear\SSMS-PSA_y_Epicrisis-web-1.0_war\loader_324773001\META-INF\resources\primefaces\primefaces.js]]

[2016-05-22T15:38:56.986-0300] [glassfish 4.0] [WARNING] [AS-WEB-UTIL-00024] [javax.enterprise.web.util] [tid: _ThreadID=33 _ThreadName=admin-listener(1)] [timeMillis: 1463942336986] [levelValue: 900] [[
  Unable to delete D:\documentos\USACH\2016\primer semestre\PINGESO\servidor mysql\GlassFish_Server_Tutorial\glassfish\domains\domain1\generated\jsp\SSMS-PSA_y_Epicrisis-ear\SSMS-PSA_y_Epicrisis-web-1.0_war\loader_324773001\META-INF\resources\primefaces]]

[2016-05-22T15:38:57.067-0300] [glassfish 4.0] [WARNING] [AS-WEB-UTIL-00024] [javax.enterprise.web.util] [tid: _ThreadID=33 _ThreadName=admin-listener(1)] [timeMillis: 1463942337067] [levelValue: 900] [[
  Unable to delete D:\documentos\USACH\2016\primer semestre\PINGESO\servidor mysql\GlassFish_Server_Tutorial\glassfish\domains\domain1\generated\jsp\SSMS-PSA_y_Epicrisis-ear\SSMS-PSA_y_Epicrisis-web-1.0_war\loader_324773001\META-INF\resources]]

[2016-05-22T15:38:57.073-0300] [glassfish 4.0] [WARNING] [AS-WEB-UTIL-00024] [javax.enterprise.web.util] [tid: _ThreadID=33 _ThreadName=admin-listener(1)] [timeMillis: 1463942337073] [levelValue: 900] [[
  Unable to delete D:\documentos\USACH\2016\primer semestre\PINGESO\servidor mysql\GlassFish_Server_Tutorial\glassfish\domains\domain1\generated\jsp\SSMS-PSA_y_Epicrisis-ear\SSMS-PSA_y_Epicrisis-web-1.0_war\loader_324773001\META-INF]]

[2016-05-22T15:38:57.075-0300] [glassfish 4.0] [WARNING] [AS-WEB-UTIL-00024] [javax.enterprise.web.util] [tid: _ThreadID=33 _ThreadName=admin-listener(1)] [timeMillis: 1463942337075] [levelValue: 900] [[
  Unable to delete D:\documentos\USACH\2016\primer semestre\PINGESO\servidor mysql\GlassFish_Server_Tutorial\glassfish\domains\domain1\generated\jsp\SSMS-PSA_y_Epicrisis-ear\SSMS-PSA_y_Epicrisis-web-1.0_war\loader_324773001]]

[2016-05-22T15:38:57.627-0300] [glassfish 4.0] [WARNING] [jsf.application.resource.unable_to_serve_from_library] [javax.enterprise.resource.webcontainer.jsf.application] [tid: _ThreadID=133 _ThreadName=http-listener-1(5)] [timeMillis: 1463942337627] [levelValue: 900] [[
  JSF1064: no se encuentra o sirve el recurso, jquery/jquery.js, desde la biblioteca, primefaces.]]

[2016-05-22T15:38:57.627-0300] [glassfish 4.0] [WARNING] [] [javax.enterprise.resource.webcontainer.jsf.application] [tid: _ThreadID=133 _ThreadName=http-listener-1(5)] [timeMillis: 1463942337627] [levelValue: 900] [[
  
java.io.IOException: java.util.concurrent.TimeoutException
	at org.glassfish.grizzly.utils.Exceptions.makeIOException(Exceptions.java:81)
	at org.glassfish.grizzly.http.io.OutputBuffer.blockAfterWriteIfNeeded(OutputBuffer.java:958)
	at org.glassfish.grizzly.http.io.OutputBuffer.write(OutputBuffer.java:682)
	at org.apache.catalina.connector.OutputBuffer.writeBytes(OutputBuffer.java:355)
	at org.apache.catalina.connector.OutputBuffer.write(OutputBuffer.java:342)
	at org.apache.catalina.connector.CoyoteOutputStream.write(CoyoteOutputStream.java:161)
	at java.nio.channels.Channels$WritableByteChannelImpl.write(Channels.java:458)
	at com.sun.faces.application.resource.ResourceHandlerImpl.handleResourceRequest(ResourceHandlerImpl.java:343)
	at javax.faces.application.ResourceHandlerWrapper.handleResourceRequest(ResourceHandlerWrapper.java:153)
	at org.primefaces.application.resource.PrimeResourceHandler.handleResourceRequest(PrimeResourceHandler.java:87)
	at javax.faces.application.ResourceHandlerWrapper.handleResourceRequest(ResourceHandlerWrapper.java:153)
	at javax.faces.webapp.FacesServlet.service(FacesServlet.java:643)
	at org.apache.catalina.core.StandardWrapper.service(StandardWrapper.java:1682)
	at org.apache.catalina.core.StandardWrapperValve.invoke(StandardWrapperValve.java:318)
	at org.apache.catalina.core.StandardContextValve.invoke(StandardContextValve.java:160)
	at org.apache.catalina.core.StandardPipeline.doInvoke(StandardPipeline.java:734)
	at org.apache.catalina.core.StandardPipeline.invoke(StandardPipeline.java:673)
	at com.sun.enterprise.web.WebPipeline.invoke(WebPipeline.java:99)
	at org.apache.catalina.core.StandardHostValve.invoke(StandardHostValve.java:174)
	at org.apache.catalina.connector.CoyoteAdapter.doService(CoyoteAdapter.java:357)
	at org.apache.catalina.connector.CoyoteAdapter.service(CoyoteAdapter.java:260)
	at com.sun.enterprise.v3.services.impl.ContainerMapper.service(ContainerMapper.java:188)
	at org.glassfish.grizzly.http.server.HttpHandler.runService(HttpHandler.java:191)
	at org.glassfish.grizzly.http.server.HttpHandler.doHandle(HttpHandler.java:168)
	at org.glassfish.grizzly.http.server.HttpServerFilter.handleRead(HttpServerFilter.java:189)
	at org.glassfish.grizzly.filterchain.ExecutorResolver$9.execute(ExecutorResolver.java:119)
	at org.glassfish.grizzly.filterchain.DefaultFilterChain.executeFilter(DefaultFilterChain.java:288)
	at org.glassfish.grizzly.filterchain.DefaultFilterChain.executeChainPart(DefaultFilterChain.java:206)
	at org.glassfish.grizzly.filterchain.DefaultFilterChain.execute(DefaultFilterChain.java:136)
	at org.glassfish.grizzly.filterchain.DefaultFilterChain.process(DefaultFilterChain.java:114)
	at org.glassfish.grizzly.ProcessorExecutor.execute(ProcessorExecutor.java:77)
	at org.glassfish.grizzly.nio.transport.TCPNIOTransport.fireIOEvent(TCPNIOTransport.java:838)
	at org.glassfish.grizzly.strategies.AbstractIOStrategy.fireIOEvent(AbstractIOStrategy.java:113)
	at org.glassfish.grizzly.strategies.WorkerThreadIOStrategy.run0(WorkerThreadIOStrategy.java:115)
	at org.glassfish.grizzly.strategies.WorkerThreadIOStrategy.access$100(WorkerThreadIOStrategy.java:55)
	at org.glassfish.grizzly.strategies.WorkerThreadIOStrategy$WorkerThreadRunnable.run(WorkerThreadIOStrategy.java:135)
	at org.glassfish.grizzly.threadpool.AbstractThreadPool$Worker.doWork(AbstractThreadPool.java:564)
	at org.glassfish.grizzly.threadpool.AbstractThreadPool$Worker.run(AbstractThreadPool.java:544)
	at java.lang.Thread.run(Thread.java:745)
Caused by: java.util.concurrent.TimeoutException
	at java.util.concurrent.FutureTask.get(FutureTask.java:205)
	at org.glassfish.grizzly.http.io.OutputBuffer.blockAfterWriteIfNeeded(OutputBuffer.java:951)
	... 37 more
]]

[2016-05-22T15:38:57.633-0300] [glassfish 4.0] [WARNING] [jsf.application.resource.unable_to_serve_from_library] [javax.enterprise.resource.webcontainer.jsf.application] [tid: _ThreadID=131 _ThreadName=http-listener-1(3)] [timeMillis: 1463942337633] [levelValue: 900] [[
  JSF1064: no se encuentra o sirve el recurso, jquery/jquery-plugins.js, desde la biblioteca, primefaces.]]

[2016-05-22T15:38:57.634-0300] [glassfish 4.0] [WARNING] [] [javax.enterprise.resource.webcontainer.jsf.application] [tid: _ThreadID=131 _ThreadName=http-listener-1(3)] [timeMillis: 1463942337634] [levelValue: 900] [[
  
java.io.IOException: java.util.concurrent.TimeoutException
	at org.glassfish.grizzly.utils.Exceptions.makeIOException(Exceptions.java:81)
	at org.glassfish.grizzly.http.io.OutputBuffer.blockAfterWriteIfNeeded(OutputBuffer.java:958)
	at org.glassfish.grizzly.http.io.OutputBuffer.write(OutputBuffer.java:682)
	at org.apache.catalina.connector.OutputBuffer.writeBytes(OutputBuffer.java:355)
	at org.apache.catalina.connector.OutputBuffer.write(OutputBuffer.java:342)
	at org.apache.catalina.connector.CoyoteOutputStream.write(CoyoteOutputStream.java:161)
	at java.nio.channels.Channels$WritableByteChannelImpl.write(Channels.java:458)
	at com.sun.faces.application.resource.ResourceHandlerImpl.handleResourceRequest(ResourceHandlerImpl.java:343)
	at javax.faces.application.ResourceHandlerWrapper.handleResourceRequest(ResourceHandlerWrapper.java:153)
	at org.primefaces.application.resource.PrimeResourceHandler.handleResourceRequest(PrimeResourceHandler.java:87)
	at javax.faces.application.ResourceHandlerWrapper.handleResourceRequest(ResourceHandlerWrapper.java:153)
	at javax.faces.webapp.FacesServlet.service(FacesServlet.java:643)
	at org.apache.catalina.core.StandardWrapper.service(StandardWrapper.java:1682)
	at org.apache.catalina.core.StandardWrapperValve.invoke(StandardWrapperValve.java:318)
	at org.apache.catalina.core.StandardContextValve.invoke(StandardContextValve.java:160)
	at org.apache.catalina.core.StandardPipeline.doInvoke(StandardPipeline.java:734)
	at org.apache.catalina.core.StandardPipeline.invoke(StandardPipeline.java:673)
	at com.sun.enterprise.web.WebPipeline.invoke(WebPipeline.java:99)
	at org.apache.catalina.core.StandardHostValve.invoke(StandardHostValve.java:174)
	at org.apache.catalina.connector.CoyoteAdapter.doService(CoyoteAdapter.java:357)
	at org.apache.catalina.connector.CoyoteAdapter.service(CoyoteAdapter.java:260)
	at com.sun.enterprise.v3.services.impl.ContainerMapper.service(ContainerMapper.java:188)
	at org.glassfish.grizzly.http.server.HttpHandler.runService(HttpHandler.java:191)
	at org.glassfish.grizzly.http.server.HttpHandler.doHandle(HttpHandler.java:168)
	at org.glassfish.grizzly.http.server.HttpServerFilter.handleRead(HttpServerFilter.java:189)
	at org.glassfish.grizzly.filterchain.ExecutorResolver$9.execute(ExecutorResolver.java:119)
	at org.glassfish.grizzly.filterchain.DefaultFilterChain.executeFilter(DefaultFilterChain.java:288)
	at org.glassfish.grizzly.filterchain.DefaultFilterChain.executeChainPart(DefaultFilterChain.java:206)
	at org.glassfish.grizzly.filterchain.DefaultFilterChain.execute(DefaultFilterChain.java:136)
	at org.glassfish.grizzly.filterchain.DefaultFilterChain.process(DefaultFilterChain.java:114)
	at org.glassfish.grizzly.ProcessorExecutor.execute(ProcessorExecutor.java:77)
	at org.glassfish.grizzly.nio.transport.TCPNIOTransport.fireIOEvent(TCPNIOTransport.java:838)
	at org.glassfish.grizzly.strategies.AbstractIOStrategy.fireIOEvent(AbstractIOStrategy.java:113)
	at org.glassfish.grizzly.strategies.WorkerThreadIOStrategy.run0(WorkerThreadIOStrategy.java:115)
	at org.glassfish.grizzly.strategies.WorkerThreadIOStrategy.access$100(WorkerThreadIOStrategy.java:55)
	at org.glassfish.grizzly.strategies.WorkerThreadIOStrategy$WorkerThreadRunnable.run(WorkerThreadIOStrategy.java:135)
	at org.glassfish.grizzly.threadpool.AbstractThreadPool$Worker.doWork(AbstractThreadPool.java:564)
	at org.glassfish.grizzly.threadpool.AbstractThreadPool$Worker.run(AbstractThreadPool.java:544)
	at java.lang.Thread.run(Thread.java:745)
Caused by: java.util.concurrent.TimeoutException
	at java.util.concurrent.FutureTask.get(FutureTask.java:205)
	at org.glassfish.grizzly.http.io.OutputBuffer.blockAfterWriteIfNeeded(OutputBuffer.java:951)
	... 37 more
]]

[2016-05-22T15:38:57.633-0300] [glassfish 4.0] [WARNING] [jsf.application.resource.unable_to_serve_from_library] [javax.enterprise.resource.webcontainer.jsf.application] [tid: _ThreadID=129 _ThreadName=http-listener-1(1)] [timeMillis: 1463942337633] [levelValue: 900] [[
  JSF1064: no se encuentra o sirve el recurso, css/core.css, desde la biblioteca, bsf.]]

[2016-05-22T15:38:58.185-0300] [glassfish 4.0] [WARNING] [] [javax.enterprise.resource.webcontainer.jsf.application] [tid: _ThreadID=129 _ThreadName=http-listener-1(1)] [timeMillis: 1463942338185] [levelValue: 900] [[
  
java.io.IOException: java.util.concurrent.TimeoutException
	at org.glassfish.grizzly.utils.Exceptions.makeIOException(Exceptions.java:81)
	at org.glassfish.grizzly.http.io.OutputBuffer.blockAfterWriteIfNeeded(OutputBuffer.java:958)
	at org.glassfish.grizzly.http.io.OutputBuffer.write(OutputBuffer.java:682)
	at org.apache.catalina.connector.OutputBuffer.writeBytes(OutputBuffer.java:355)
	at org.apache.catalina.connector.OutputBuffer.write(OutputBuffer.java:342)
	at org.apache.catalina.connector.CoyoteOutputStream.write(CoyoteOutputStream.java:161)
	at java.nio.channels.Channels$WritableByteChannelImpl.write(Channels.java:458)
	at com.sun.faces.application.resource.ResourceHandlerImpl.handleResourceRequest(ResourceHandlerImpl.java:343)
	at javax.faces.application.ResourceHandlerWrapper.handleResourceRequest(ResourceHandlerWrapper.java:153)
	at org.primefaces.application.resource.PrimeResourceHandler.handleResourceRequest(PrimeResourceHandler.java:87)
	at javax.faces.application.ResourceHandlerWrapper.handleResourceRequest(ResourceHandlerWrapper.java:153)
	at javax.faces.webapp.FacesServlet.service(FacesServlet.java:643)
	at org.apache.catalina.core.StandardWrapper.service(StandardWrapper.java:1682)
	at org.apache.catalina.core.StandardWrapperValve.invoke(StandardWrapperValve.java:318)
	at org.apache.catalina.core.StandardContextValve.invoke(StandardContextValve.java:160)
	at org.apache.catalina.core.StandardPipeline.doInvoke(StandardPipeline.java:734)
	at org.apache.catalina.core.StandardPipeline.invoke(StandardPipeline.java:673)
	at com.sun.enterprise.web.WebPipeline.invoke(WebPipeline.java:99)
	at org.apache.catalina.core.StandardHostValve.invoke(StandardHostValve.java:174)
	at org.apache.catalina.connector.CoyoteAdapter.doService(CoyoteAdapter.java:357)
	at org.apache.catalina.connector.CoyoteAdapter.service(CoyoteAdapter.java:260)
	at com.sun.enterprise.v3.services.impl.ContainerMapper.service(ContainerMapper.java:188)
	at org.glassfish.grizzly.http.server.HttpHandler.runService(HttpHandler.java:191)
	at org.glassfish.grizzly.http.server.HttpHandler.doHandle(HttpHandler.java:168)
	at org.glassfish.grizzly.http.server.HttpServerFilter.handleRead(HttpServerFilter.java:189)
	at org.glassfish.grizzly.filterchain.ExecutorResolver$9.execute(ExecutorResolver.java:119)
	at org.glassfish.grizzly.filterchain.DefaultFilterChain.executeFilter(DefaultFilterChain.java:288)
	at org.glassfish.grizzly.filterchain.DefaultFilterChain.executeChainPart(DefaultFilterChain.java:206)
	at org.glassfish.grizzly.filterchain.DefaultFilterChain.execute(DefaultFilterChain.java:136)
	at org.glassfish.grizzly.filterchain.DefaultFilterChain.process(DefaultFilterChain.java:114)
	at org.glassfish.grizzly.ProcessorExecutor.execute(ProcessorExecutor.java:77)
	at org.glassfish.grizzly.nio.transport.TCPNIOTransport.fireIOEvent(TCPNIOTransport.java:838)
	at org.glassfish.grizzly.strategies.AbstractIOStrategy.fireIOEvent(AbstractIOStrategy.java:113)
	at org.glassfish.grizzly.strategies.WorkerThreadIOStrategy.run0(WorkerThreadIOStrategy.java:115)
	at org.glassfish.grizzly.strategies.WorkerThreadIOStrategy.access$100(WorkerThreadIOStrategy.java:55)
	at org.glassfish.grizzly.strategies.WorkerThreadIOStrategy$WorkerThreadRunnable.run(WorkerThreadIOStrategy.java:135)
	at org.glassfish.grizzly.threadpool.AbstractThreadPool$Worker.doWork(AbstractThreadPool.java:564)
	at org.glassfish.grizzly.threadpool.AbstractThreadPool$Worker.run(AbstractThreadPool.java:544)
	at java.lang.Thread.run(Thread.java:745)
Caused by: java.util.concurrent.TimeoutException
	at java.util.concurrent.FutureTask.get(FutureTask.java:205)
	at org.glassfish.grizzly.http.io.OutputBuffer.blockAfterWriteIfNeeded(OutputBuffer.java:951)
	... 37 more
]]

[2016-05-22T15:38:57.731-0300] [glassfish 4.0] [WARNING] [jsf.application.resource.unable_to_serve_from_library] [javax.enterprise.resource.webcontainer.jsf.application] [tid: _ThreadID=130 _ThreadName=http-listener-1(2)] [timeMillis: 1463942337731] [levelValue: 900] [[
  JSF1064: no se encuentra o sirve el recurso, primefaces.js, desde la biblioteca, primefaces.]]

[2016-05-22T15:38:58.190-0300] [glassfish 4.0] [WARNING] [] [javax.enterprise.resource.webcontainer.jsf.application] [tid: _ThreadID=130 _ThreadName=http-listener-1(2)] [timeMillis: 1463942338190] [levelValue: 900] [[
  
java.io.IOException: java.util.concurrent.TimeoutException
	at org.glassfish.grizzly.utils.Exceptions.makeIOException(Exceptions.java:81)
	at org.glassfish.grizzly.http.io.OutputBuffer.blockAfterWriteIfNeeded(OutputBuffer.java:958)
	at org.glassfish.grizzly.http.io.OutputBuffer.write(OutputBuffer.java:682)
	at org.apache.catalina.connector.OutputBuffer.writeBytes(OutputBuffer.java:355)
	at org.apache.catalina.connector.OutputBuffer.write(OutputBuffer.java:342)
	at org.apache.catalina.connector.CoyoteOutputStream.write(CoyoteOutputStream.java:161)
	at java.nio.channels.Channels$WritableByteChannelImpl.write(Channels.java:458)
	at com.sun.faces.application.resource.ResourceHandlerImpl.handleResourceRequest(ResourceHandlerImpl.java:343)
	at javax.faces.application.ResourceHandlerWrapper.handleResourceRequest(ResourceHandlerWrapper.java:153)
	at org.primefaces.application.resource.PrimeResourceHandler.handleResourceRequest(PrimeResourceHandler.java:87)
	at javax.faces.application.ResourceHandlerWrapper.handleResourceRequest(ResourceHandlerWrapper.java:153)
	at javax.faces.webapp.FacesServlet.service(FacesServlet.java:643)
	at org.apache.catalina.core.StandardWrapper.service(StandardWrapper.java:1682)
	at org.apache.catalina.core.StandardWrapperValve.invoke(StandardWrapperValve.java:318)
	at org.apache.catalina.core.StandardContextValve.invoke(StandardContextValve.java:160)
	at org.apache.catalina.core.StandardPipeline.doInvoke(StandardPipeline.java:734)
	at org.apache.catalina.core.StandardPipeline.invoke(StandardPipeline.java:673)
	at com.sun.enterprise.web.WebPipeline.invoke(WebPipeline.java:99)
	at org.apache.catalina.core.StandardHostValve.invoke(StandardHostValve.java:174)
	at org.apache.catalina.connector.CoyoteAdapter.doService(CoyoteAdapter.java:357)
	at org.apache.catalina.connector.CoyoteAdapter.service(CoyoteAdapter.java:260)
	at com.sun.enterprise.v3.services.impl.ContainerMapper.service(ContainerMapper.java:188)
	at org.glassfish.grizzly.http.server.HttpHandler.runService(HttpHandler.java:191)
	at org.glassfish.grizzly.http.server.HttpHandler.doHandle(HttpHandler.java:168)
	at org.glassfish.grizzly.http.server.HttpServerFilter.handleRead(HttpServerFilter.java:189)
	at org.glassfish.grizzly.filterchain.ExecutorResolver$9.execute(ExecutorResolver.java:119)
	at org.glassfish.grizzly.filterchain.DefaultFilterChain.executeFilter(DefaultFilterChain.java:288)
	at org.glassfish.grizzly.filterchain.DefaultFilterChain.executeChainPart(DefaultFilterChain.java:206)
	at org.glassfish.grizzly.filterchain.DefaultFilterChain.execute(DefaultFilterChain.java:136)
	at org.glassfish.grizzly.filterchain.DefaultFilterChain.process(DefaultFilterChain.java:114)
	at org.glassfish.grizzly.ProcessorExecutor.execute(ProcessorExecutor.java:77)
	at org.glassfish.grizzly.nio.transport.TCPNIOTransport.fireIOEvent(TCPNIOTransport.java:838)
	at org.glassfish.grizzly.strategies.AbstractIOStrategy.fireIOEvent(AbstractIOStrategy.java:113)
	at org.glassfish.grizzly.strategies.WorkerThreadIOStrategy.run0(WorkerThreadIOStrategy.java:115)
	at org.glassfish.grizzly.strategies.WorkerThreadIOStrategy.access$100(WorkerThreadIOStrategy.java:55)
	at org.glassfish.grizzly.strategies.WorkerThreadIOStrategy$WorkerThreadRunnable.run(WorkerThreadIOStrategy.java:135)
	at org.glassfish.grizzly.threadpool.AbstractThreadPool$Worker.doWork(AbstractThreadPool.java:564)
	at org.glassfish.grizzly.threadpool.AbstractThreadPool$Worker.run(AbstractThreadPool.java:544)
	at java.lang.Thread.run(Thread.java:745)
Caused by: java.util.concurrent.TimeoutException
	at java.util.concurrent.FutureTask.get(FutureTask.java:205)
	at org.glassfish.grizzly.http.io.OutputBuffer.blockAfterWriteIfNeeded(OutputBuffer.java:951)
	... 37 more
]]

[2016-05-22T15:38:57.731-0300] [glassfish 4.0] [WARNING] [jsf.application.resource.unable_to_serve_from_library] [javax.enterprise.resource.webcontainer.jsf.application] [tid: _ThreadID=132 _ThreadName=http-listener-1(4)] [timeMillis: 1463942337731] [levelValue: 900] [[
  JSF1064: no se encuentra o sirve el recurso, primefaces.css, desde la biblioteca, primefaces.]]

[2016-05-22T15:38:58.261-0300] [glassfish 4.0] [WARNING] [] [javax.enterprise.resource.webcontainer.jsf.application] [tid: _ThreadID=132 _ThreadName=http-listener-1(4)] [timeMillis: 1463942338261] [levelValue: 900] [[
  
java.io.IOException: java.util.concurrent.TimeoutException
	at org.glassfish.grizzly.utils.Exceptions.makeIOException(Exceptions.java:81)
	at org.glassfish.grizzly.http.io.OutputBuffer.blockAfterWriteIfNeeded(OutputBuffer.java:958)
	at org.glassfish.grizzly.http.io.OutputBuffer.write(OutputBuffer.java:682)
	at org.apache.catalina.connector.OutputBuffer.writeBytes(OutputBuffer.java:355)
	at org.apache.catalina.connector.OutputBuffer.write(OutputBuffer.java:342)
	at org.apache.catalina.connector.CoyoteOutputStream.write(CoyoteOutputStream.java:161)
	at java.nio.channels.Channels$WritableByteChannelImpl.write(Channels.java:458)
	at com.sun.faces.application.resource.ResourceHandlerImpl.handleResourceRequest(ResourceHandlerImpl.java:343)
	at javax.faces.application.ResourceHandlerWrapper.handleResourceRequest(ResourceHandlerWrapper.java:153)
	at org.primefaces.application.resource.PrimeResourceHandler.handleResourceRequest(PrimeResourceHandler.java:87)
	at javax.faces.application.ResourceHandlerWrapper.handleResourceRequest(ResourceHandlerWrapper.java:153)
	at javax.faces.webapp.FacesServlet.service(FacesServlet.java:643)
	at org.apache.catalina.core.StandardWrapper.service(StandardWrapper.java:1682)
	at org.apache.catalina.core.StandardWrapperValve.invoke(StandardWrapperValve.java:318)
	at org.apache.catalina.core.StandardContextValve.invoke(StandardContextValve.java:160)
	at org.apache.catalina.core.StandardPipeline.doInvoke(StandardPipeline.java:734)
	at org.apache.catalina.core.StandardPipeline.invoke(StandardPipeline.java:673)
	at com.sun.enterprise.web.WebPipeline.invoke(WebPipeline.java:99)
	at org.apache.catalina.core.StandardHostValve.invoke(StandardHostValve.java:174)
	at org.apache.catalina.connector.CoyoteAdapter.doService(CoyoteAdapter.java:357)
	at org.apache.catalina.connector.CoyoteAdapter.service(CoyoteAdapter.java:260)
	at com.sun.enterprise.v3.services.impl.ContainerMapper.service(ContainerMapper.java:188)
	at org.glassfish.grizzly.http.server.HttpHandler.runService(HttpHandler.java:191)
	at org.glassfish.grizzly.http.server.HttpHandler.doHandle(HttpHandler.java:168)
	at org.glassfish.grizzly.http.server.HttpServerFilter.handleRead(HttpServerFilter.java:189)
	at org.glassfish.grizzly.filterchain.ExecutorResolver$9.execute(ExecutorResolver.java:119)
	at org.glassfish.grizzly.filterchain.DefaultFilterChain.executeFilter(DefaultFilterChain.java:288)
	at org.glassfish.grizzly.filterchain.DefaultFilterChain.executeChainPart(DefaultFilterChain.java:206)
	at org.glassfish.grizzly.filterchain.DefaultFilterChain.execute(DefaultFilterChain.java:136)
	at org.glassfish.grizzly.filterchain.DefaultFilterChain.process(DefaultFilterChain.java:114)
	at org.glassfish.grizzly.ProcessorExecutor.execute(ProcessorExecutor.java:77)
	at org.glassfish.grizzly.nio.transport.TCPNIOTransport.fireIOEvent(TCPNIOTransport.java:838)
	at org.glassfish.grizzly.strategies.AbstractIOStrategy.fireIOEvent(AbstractIOStrategy.java:113)
	at org.glassfish.grizzly.strategies.WorkerThreadIOStrategy.run0(WorkerThreadIOStrategy.java:115)
	at org.glassfish.grizzly.strategies.WorkerThreadIOStrategy.access$100(WorkerThreadIOStrategy.java:55)
	at org.glassfish.grizzly.strategies.WorkerThreadIOStrategy$WorkerThreadRunnable.run(WorkerThreadIOStrategy.java:135)
	at org.glassfish.grizzly.threadpool.AbstractThreadPool$Worker.doWork(AbstractThreadPool.java:564)
	at org.glassfish.grizzly.threadpool.AbstractThreadPool$Worker.run(AbstractThreadPool.java:544)
	at java.lang.Thread.run(Thread.java:745)
Caused by: java.util.concurrent.TimeoutException
	at java.util.concurrent.FutureTask.get(FutureTask.java:205)
	at org.glassfish.grizzly.http.io.OutputBuffer.blockAfterWriteIfNeeded(OutputBuffer.java:951)
	... 37 more
]]

[2016-05-22T15:39:03.457-0300] [glassfish 4.0] [INFO] [AS-WEB-GLUE-00198] [javax.enterprise.web] [tid: _ThreadID=174 _ThreadName=pool-53-thread-1] [timeMillis: 1463942343457] [levelValue: 800] [[
  Created HTTP listener http-listener-2 on host/port 0.0.0.0:8181]]

[2016-05-22T15:39:03.690-0300] [glassfish 4.0] [INFO] [] [javax.enterprise.system.core] [tid: _ThreadID=174 _ThreadName=pool-53-thread-1] [timeMillis: 1463942343690] [levelValue: 800] [[
  Grizzly Framework 2.3.1 started in: 223ms - bound to [/0.0.0.0:8.181]]]

[2016-05-22T15:39:04.638-0300] [glassfish 4.0] [INFO] [] [javax.enterprise.system.tools.deployment.common] [tid: _ThreadID=37 _ThreadName=admin-listener(5)] [timeMillis: 1463942344638] [levelValue: 800] [[
  visiting unvisited references]]

[2016-05-22T15:39:05.072-0300] [glassfish 4.0] [INFO] [] [javax.enterprise.system.tools.deployment.common] [tid: _ThreadID=37 _ThreadName=admin-listener(5)] [timeMillis: 1463942345072] [levelValue: 800] [[
  visiting unvisited references]]

[2016-05-22T15:39:05.255-0300] [glassfish 4.0] [INFO] [] [javax.enterprise.system.tools.deployment.common] [tid: _ThreadID=37 _ThreadName=admin-listener(5)] [timeMillis: 1463942345255] [levelValue: 800] [[
  visiting unvisited references]]

[2016-05-22T15:39:05.335-0300] [glassfish 4.0] [INFO] [] [javax.enterprise.system.tools.deployment.common] [tid: _ThreadID=37 _ThreadName=admin-listener(5)] [timeMillis: 1463942345335] [levelValue: 800] [[
  visiting unvisited references]]

[2016-05-22T15:39:05.336-0300] [glassfish 4.0] [INFO] [] [javax.enterprise.system.tools.deployment.common] [tid: _ThreadID=37 _ThreadName=admin-listener(5)] [timeMillis: 1463942345336] [levelValue: 800] [[
  visiting unvisited references]]

[2016-05-22T15:39:05.338-0300] [glassfish 4.0] [INFO] [] [javax.enterprise.system.tools.deployment.common] [tid: _ThreadID=37 _ThreadName=admin-listener(5)] [timeMillis: 1463942345338] [levelValue: 800] [[
  visiting unvisited references]]

[2016-05-22T15:39:05.339-0300] [glassfish 4.0] [INFO] [] [javax.enterprise.system.tools.deployment.common] [tid: _ThreadID=37 _ThreadName=admin-listener(5)] [timeMillis: 1463942345339] [levelValue: 800] [[
  visiting unvisited references]]

[2016-05-22T15:39:05.348-0300] [glassfish 4.0] [INFO] [] [javax.enterprise.system.tools.deployment.common] [tid: _ThreadID=37 _ThreadName=admin-listener(5)] [timeMillis: 1463942345348] [levelValue: 800] [[
  visiting unvisited references]]

[2016-05-22T15:39:05.350-0300] [glassfish 4.0] [INFO] [] [javax.enterprise.system.tools.deployment.common] [tid: _ThreadID=37 _ThreadName=admin-listener(5)] [timeMillis: 1463942345350] [levelValue: 800] [[
  visiting unvisited references]]

[2016-05-22T15:39:06.219-0300] [glassfish 4.0] [INFO] [NCLS-COMUTIL-00017] [javax.enterprise.system.util] [tid: _ThreadID=37 _ThreadName=admin-listener(5)] [timeMillis: 1463942346219] [levelValue: 800] [[
  entities.paciente actually got transformed]]

[2016-05-22T15:39:06.224-0300] [glassfish 4.0] [INFO] [NCLS-COMUTIL-00017] [javax.enterprise.system.util] [tid: _ThreadID=37 _ThreadName=admin-listener(5)] [timeMillis: 1463942346224] [levelValue: 800] [[
  entities.nacionalidad actually got transformed]]

[2016-05-22T15:39:06.229-0300] [glassfish 4.0] [INFO] [NCLS-COMUTIL-00017] [javax.enterprise.system.util] [tid: _ThreadID=37 _ThreadName=admin-listener(5)] [timeMillis: 1463942346229] [levelValue: 800] [[
  entities.ley_social actually got transformed]]

[2016-05-22T15:39:06.232-0300] [glassfish 4.0] [INFO] [NCLS-COMUTIL-00017] [javax.enterprise.system.util] [tid: _ThreadID=37 _ThreadName=admin-listener(5)] [timeMillis: 1463942346232] [levelValue: 800] [[
  entities.prevision actually got transformed]]

[2016-05-22T15:39:06.235-0300] [glassfish 4.0] [INFO] [NCLS-COMUTIL-00017] [javax.enterprise.system.util] [tid: _ThreadID=37 _ThreadName=admin-listener(5)] [timeMillis: 1463942346235] [levelValue: 800] [[
  entities.estado_civil actually got transformed]]

[2016-05-22T15:39:06.239-0300] [glassfish 4.0] [INFO] [NCLS-COMUTIL-00017] [javax.enterprise.system.util] [tid: _ThreadID=37 _ThreadName=admin-listener(5)] [timeMillis: 1463942346239] [levelValue: 800] [[
  entities.cesfam actually got transformed]]

[2016-05-22T15:39:06.246-0300] [glassfish 4.0] [INFO] [NCLS-COMUTIL-00017] [javax.enterprise.system.util] [tid: _ThreadID=37 _ThreadName=admin-listener(5)] [timeMillis: 1463942346246] [levelValue: 800] [[
  entities.region actually got transformed]]

[2016-05-22T15:39:06.249-0300] [glassfish 4.0] [INFO] [NCLS-COMUTIL-00017] [javax.enterprise.system.util] [tid: _ThreadID=37 _ThreadName=admin-listener(5)] [timeMillis: 1463942346249] [levelValue: 800] [[
  entities.comuna actually got transformed]]

[2016-05-22T15:39:06.254-0300] [glassfish 4.0] [INFO] [NCLS-COMUTIL-00017] [javax.enterprise.system.util] [tid: _ThreadID=37 _ThreadName=admin-listener(5)] [timeMillis: 1463942346254] [levelValue: 800] [[
  entities.pueblo_originario actually got transformed]]

[2016-05-22T15:39:06.262-0300] [glassfish 4.0] [INFO] [NCLS-COMUTIL-00017] [javax.enterprise.system.util] [tid: _ThreadID=37 _ThreadName=admin-listener(5)] [timeMillis: 1463942346262] [levelValue: 800] [[
  entities.Crafft actually got transformed]]

[2016-05-22T15:39:06.430-0300] [glassfish 4.0] [INFO] [NCLS-COMUTIL-00017] [javax.enterprise.system.util] [tid: _ThreadID=37 _ThreadName=admin-listener(5)] [timeMillis: 1463942346430] [levelValue: 800] [[
  entities.clap actually got transformed]]

[2016-05-22T15:39:06.440-0300] [glassfish 4.0] [INFO] [NCLS-COMUTIL-00017] [javax.enterprise.system.util] [tid: _ThreadID=37 _ThreadName=admin-listener(5)] [timeMillis: 1463942346440] [levelValue: 800] [[
  entities.Auditoria actually got transformed]]

[2016-05-22T15:39:06.452-0300] [glassfish 4.0] [INFO] [NCLS-COMUTIL-00017] [javax.enterprise.system.util] [tid: _ThreadID=37 _ThreadName=admin-listener(5)] [timeMillis: 1463942346452] [levelValue: 800] [[
  entities.audit actually got transformed]]

[2016-05-22T15:39:06.465-0300] [glassfish 4.0] [INFO] [NCLS-COMUTIL-00017] [javax.enterprise.system.util] [tid: _ThreadID=37 _ThreadName=admin-listener(5)] [timeMillis: 1463942346465] [levelValue: 800] [[
  entities.Usuario actually got transformed]]

[2016-05-22T15:39:06.474-0300] [glassfish 4.0] [INFO] [NCLS-COMUTIL-00017] [javax.enterprise.system.util] [tid: _ThreadID=37 _ThreadName=admin-listener(5)] [timeMillis: 1463942346474] [levelValue: 800] [[
  entities.Rol actually got transformed]]

[2016-05-22T15:39:06.486-0300] [glassfish 4.0] [INFO] [] [org.eclipse.persistence.session.file:/D:/documentos/USACH/2016/primer semestre/PINGESO/SSMS-PSA_y_Epicrisis/SSMS-PSA_y_Epicrisis/SSMS-PSA-y-Epicrisis/SSMS-PSA_y_Epicrisis-ear/target/gfdeploy/SSMS-PSA_y_Epicrisis-ear/SSMS-PSA_y_Epicrisis-ejb-1.0_jar/_cl.diinf_SSMS-PSA_y_Epicrisis-ejb_ejb_1.0PU] [tid: _ThreadID=37 _ThreadName=admin-listener(5)] [timeMillis: 1463942346486] [levelValue: 800] [[
  EclipseLink, version: Eclipse Persistence Services - 2.5.0.v20130507-3faac2b]]

[2016-05-22T15:39:06.826-0300] [glassfish 4.0] [INFO] [] [org.eclipse.persistence.session.file:/D:/documentos/USACH/2016/primer semestre/PINGESO/SSMS-PSA_y_Epicrisis/SSMS-PSA_y_Epicrisis/SSMS-PSA-y-Epicrisis/SSMS-PSA_y_Epicrisis-ear/target/gfdeploy/SSMS-PSA_y_Epicrisis-ear/SSMS-PSA_y_Epicrisis-ejb-1.0_jar/_cl.diinf_SSMS-PSA_y_Epicrisis-ejb_ejb_1.0PU.connection] [tid: _ThreadID=37 _ThreadName=admin-listener(5)] [timeMillis: 1463942346826] [levelValue: 800] [[
  file:/D:/documentos/USACH/2016/primer semestre/PINGESO/SSMS-PSA_y_Epicrisis/SSMS-PSA_y_Epicrisis/SSMS-PSA-y-Epicrisis/SSMS-PSA_y_Epicrisis-ear/target/gfdeploy/SSMS-PSA_y_Epicrisis-ear/SSMS-PSA_y_Epicrisis-ejb-1.0_jar/_cl.diinf_SSMS-PSA_y_Epicrisis-ejb_ejb_1.0PU login successful]]

[2016-05-22T15:39:11.791-0300] [glassfish 4.0] [INFO] [ejb.portable_jndi_names] [javax.enterprise.system.container.ejb.com.sun.ejb.containers] [tid: _ThreadID=37 _ThreadName=admin-listener(5)] [timeMillis: 1463942351791] [levelValue: 800] [[
  EJB5181:Portable JNDI names for EJB estado_civilFacade: [java:global/SSMS-PSA_y_Epicrisis-ear/SSMS-PSA_y_Epicrisis-ejb-1.0/estado_civilFacade!sessionbeans.estado_civilFacadeLocal, java:global/SSMS-PSA_y_Epicrisis-ear/SSMS-PSA_y_Epicrisis-ejb-1.0/estado_civilFacade]]]

[2016-05-22T15:39:11.816-0300] [glassfish 4.0] [INFO] [ejb.portable_jndi_names] [javax.enterprise.system.container.ejb.com.sun.ejb.containers] [tid: _ThreadID=37 _ThreadName=admin-listener(5)] [timeMillis: 1463942351816] [levelValue: 800] [[
  EJB5181:Portable JNDI names for EJB auditFacade: [java:global/SSMS-PSA_y_Epicrisis-ear/SSMS-PSA_y_Epicrisis-ejb-1.0/auditFacade!sessionbeans.auditFacadeLocal, java:global/SSMS-PSA_y_Epicrisis-ear/SSMS-PSA_y_Epicrisis-ejb-1.0/auditFacade]]]

[2016-05-22T15:39:11.830-0300] [glassfish 4.0] [INFO] [ejb.portable_jndi_names] [javax.enterprise.system.container.ejb.com.sun.ejb.containers] [tid: _ThreadID=37 _ThreadName=admin-listener(5)] [timeMillis: 1463942351830] [levelValue: 800] [[
  EJB5181:Portable JNDI names for EJB pacienteFacade: [java:global/SSMS-PSA_y_Epicrisis-ear/SSMS-PSA_y_Epicrisis-ejb-1.0/pacienteFacade!sessionbeans.pacienteFacadeLocal, java:global/SSMS-PSA_y_Epicrisis-ear/SSMS-PSA_y_Epicrisis-ejb-1.0/pacienteFacade]]]

[2016-05-22T15:39:11.852-0300] [glassfish 4.0] [INFO] [ejb.portable_jndi_names] [javax.enterprise.system.container.ejb.com.sun.ejb.containers] [tid: _ThreadID=37 _ThreadName=admin-listener(5)] [timeMillis: 1463942351852] [levelValue: 800] [[
  EJB5181:Portable JNDI names for EJB cesfamFacade: [java:global/SSMS-PSA_y_Epicrisis-ear/SSMS-PSA_y_Epicrisis-ejb-1.0/cesfamFacade, java:global/SSMS-PSA_y_Epicrisis-ear/SSMS-PSA_y_Epicrisis-ejb-1.0/cesfamFacade!sessionbeans.cesfamFacadeLocal]]]

[2016-05-22T15:39:11.871-0300] [glassfish 4.0] [INFO] [ejb.portable_jndi_names] [javax.enterprise.system.container.ejb.com.sun.ejb.containers] [tid: _ThreadID=37 _ThreadName=admin-listener(5)] [timeMillis: 1463942351871] [levelValue: 800] [[
  EJB5181:Portable JNDI names for EJB clapFacade: [java:global/SSMS-PSA_y_Epicrisis-ear/SSMS-PSA_y_Epicrisis-ejb-1.0/clapFacade!sessionbeans.clapFacadeLocal, java:global/SSMS-PSA_y_Epicrisis-ear/SSMS-PSA_y_Epicrisis-ejb-1.0/clapFacade]]]

[2016-05-22T15:39:11.900-0300] [glassfish 4.0] [INFO] [ejb.portable_jndi_names] [javax.enterprise.system.container.ejb.com.sun.ejb.containers] [tid: _ThreadID=37 _ThreadName=admin-listener(5)] [timeMillis: 1463942351900] [levelValue: 800] [[
  EJB5181:Portable JNDI names for EJB CrafftFacade: [java:global/SSMS-PSA_y_Epicrisis-ear/SSMS-PSA_y_Epicrisis-ejb-1.0/CrafftFacade, java:global/SSMS-PSA_y_Epicrisis-ear/SSMS-PSA_y_Epicrisis-ejb-1.0/CrafftFacade!sessionbeans.CrafftFacadeLocal]]]

[2016-05-22T15:39:11.914-0300] [glassfish 4.0] [INFO] [ejb.portable_jndi_names] [javax.enterprise.system.container.ejb.com.sun.ejb.containers] [tid: _ThreadID=37 _ThreadName=admin-listener(5)] [timeMillis: 1463942351914] [levelValue: 800] [[
  EJB5181:Portable JNDI names for EJB regionFacade: [java:global/SSMS-PSA_y_Epicrisis-ear/SSMS-PSA_y_Epicrisis-ejb-1.0/regionFacade!sessionbeans.regionFacadeLocal, java:global/SSMS-PSA_y_Epicrisis-ear/SSMS-PSA_y_Epicrisis-ejb-1.0/regionFacade]]]

[2016-05-22T15:39:11.931-0300] [glassfish 4.0] [INFO] [ejb.portable_jndi_names] [javax.enterprise.system.container.ejb.com.sun.ejb.containers] [tid: _ThreadID=37 _ThreadName=admin-listener(5)] [timeMillis: 1463942351931] [levelValue: 800] [[
  EJB5181:Portable JNDI names for EJB previsionFacade: [java:global/SSMS-PSA_y_Epicrisis-ear/SSMS-PSA_y_Epicrisis-ejb-1.0/previsionFacade, java:global/SSMS-PSA_y_Epicrisis-ear/SSMS-PSA_y_Epicrisis-ejb-1.0/previsionFacade!sessionbeans.previsionFacadeLocal]]]

[2016-05-22T15:39:11.946-0300] [glassfish 4.0] [INFO] [ejb.portable_jndi_names] [javax.enterprise.system.container.ejb.com.sun.ejb.containers] [tid: _ThreadID=37 _ThreadName=admin-listener(5)] [timeMillis: 1463942351946] [levelValue: 800] [[
  EJB5181:Portable JNDI names for EJB ley_socialFacade: [java:global/SSMS-PSA_y_Epicrisis-ear/SSMS-PSA_y_Epicrisis-ejb-1.0/ley_socialFacade!sessionbeans.ley_socialFacadeLocal, java:global/SSMS-PSA_y_Epicrisis-ear/SSMS-PSA_y_Epicrisis-ejb-1.0/ley_socialFacade]]]

[2016-05-22T15:39:11.962-0300] [glassfish 4.0] [INFO] [ejb.portable_jndi_names] [javax.enterprise.system.container.ejb.com.sun.ejb.containers] [tid: _ThreadID=37 _ThreadName=admin-listener(5)] [timeMillis: 1463942351962] [levelValue: 800] [[
  EJB5181:Portable JNDI names for EJB AuditoriaFacade: [java:global/SSMS-PSA_y_Epicrisis-ear/SSMS-PSA_y_Epicrisis-ejb-1.0/AuditoriaFacade, java:global/SSMS-PSA_y_Epicrisis-ear/SSMS-PSA_y_Epicrisis-ejb-1.0/AuditoriaFacade!sessionbeans.AuditoriaFacadeLocal]]]

[2016-05-22T15:39:11.985-0300] [glassfish 4.0] [INFO] [ejb.portable_jndi_names] [javax.enterprise.system.container.ejb.com.sun.ejb.containers] [tid: _ThreadID=37 _ThreadName=admin-listener(5)] [timeMillis: 1463942351985] [levelValue: 800] [[
  EJB5181:Portable JNDI names for EJB RolFacade: [java:global/SSMS-PSA_y_Epicrisis-ear/SSMS-PSA_y_Epicrisis-ejb-1.0/RolFacade!sessionbeans.RolFacadeLocal, java:global/SSMS-PSA_y_Epicrisis-ear/SSMS-PSA_y_Epicrisis-ejb-1.0/RolFacade]]]

[2016-05-22T15:39:11.997-0300] [glassfish 4.0] [INFO] [ejb.portable_jndi_names] [javax.enterprise.system.container.ejb.com.sun.ejb.containers] [tid: _ThreadID=37 _ThreadName=admin-listener(5)] [timeMillis: 1463942351997] [levelValue: 800] [[
  EJB5181:Portable JNDI names for EJB nacionalidadFacade: [java:global/SSMS-PSA_y_Epicrisis-ear/SSMS-PSA_y_Epicrisis-ejb-1.0/nacionalidadFacade, java:global/SSMS-PSA_y_Epicrisis-ear/SSMS-PSA_y_Epicrisis-ejb-1.0/nacionalidadFacade!sessionbeans.nacionalidadFacadeLocal]]]

[2016-05-22T15:39:12.049-0300] [glassfish 4.0] [INFO] [ejb.portable_jndi_names] [javax.enterprise.system.container.ejb.com.sun.ejb.containers] [tid: _ThreadID=37 _ThreadName=admin-listener(5)] [timeMillis: 1463942352049] [levelValue: 800] [[
  EJB5181:Portable JNDI names for EJB comunaFacade: [java:global/SSMS-PSA_y_Epicrisis-ear/SSMS-PSA_y_Epicrisis-ejb-1.0/comunaFacade, java:global/SSMS-PSA_y_Epicrisis-ear/SSMS-PSA_y_Epicrisis-ejb-1.0/comunaFacade!sessionbeans.comunaFacadeLocal]]]

[2016-05-22T15:39:12.069-0300] [glassfish 4.0] [INFO] [ejb.portable_jndi_names] [javax.enterprise.system.container.ejb.com.sun.ejb.containers] [tid: _ThreadID=37 _ThreadName=admin-listener(5)] [timeMillis: 1463942352069] [levelValue: 800] [[
  EJB5181:Portable JNDI names for EJB pueblo_originarioFacade: [java:global/SSMS-PSA_y_Epicrisis-ear/SSMS-PSA_y_Epicrisis-ejb-1.0/pueblo_originarioFacade, java:global/SSMS-PSA_y_Epicrisis-ear/SSMS-PSA_y_Epicrisis-ejb-1.0/pueblo_originarioFacade!sessionbeans.pueblo_originarioFacadeLocal]]]

[2016-05-22T15:39:12.085-0300] [glassfish 4.0] [INFO] [ejb.portable_jndi_names] [javax.enterprise.system.container.ejb.com.sun.ejb.containers] [tid: _ThreadID=37 _ThreadName=admin-listener(5)] [timeMillis: 1463942352085] [levelValue: 800] [[
  EJB5181:Portable JNDI names for EJB UsuarioFacade: [java:global/SSMS-PSA_y_Epicrisis-ear/SSMS-PSA_y_Epicrisis-ejb-1.0/UsuarioFacade, java:global/SSMS-PSA_y_Epicrisis-ear/SSMS-PSA_y_Epicrisis-ejb-1.0/UsuarioFacade!sessionbeans.UsuarioFacadeLocal]]]

[2016-05-22T15:39:17.594-0300] [glassfish 4.0] [INFO] [jsf.config.listener.version] [javax.enterprise.resource.webcontainer.jsf.config] [tid: _ThreadID=37 _ThreadName=admin-listener(5)] [timeMillis: 1463942357594] [levelValue: 800] [[
  Inicializando Mojarra 2.2.0 ( 20130502-2118 https://svn.java.net/svn/mojarra~svn/tags/2.2.0@11930) para el contexto '/SSMS-PSA_y_Epicrisis-web']]

[2016-05-22T15:39:17.929-0300] [glassfish 4.0] [INFO] [] [net.bootsfaces.listeners.AddResourcesListener] [tid: _ThreadID=37 _ThreadName=admin-listener(5)] [timeMillis: 1463942357929] [levelValue: 800] [[
  net.bootsfaces.listeners.AddResourcesListener ready for use.]]

[2016-05-22T15:39:18.983-0300] [glassfish 4.0] [INFO] [] [javax.enterprise.resource.webcontainer.jsf.config] [tid: _ThreadID=37 _ThreadName=admin-listener(5)] [timeMillis: 1463942358983] [levelValue: 800] [[
  Monitoring jndi:/server/SSMS-PSA_y_Epicrisis-web/WEB-INF/faces-config.xml for modifications]]

[2016-05-22T15:39:19.008-0300] [glassfish 4.0] [INFO] [] [org.primefaces.webapp.PostConstructApplicationEventListener] [tid: _ThreadID=37 _ThreadName=admin-listener(5)] [timeMillis: 1463942359008] [levelValue: 800] [[
  Running on PrimeFaces 5.3]]

[2016-05-22T15:39:19.037-0300] [glassfish 4.0] [INFO] [] [org.primefaces.extensions.application.PostConstructApplicationEventListener] [tid: _ThreadID=37 _ThreadName=admin-listener(5)] [timeMillis: 1463942359037] [levelValue: 800] [[
  Running on PrimeFaces Extensions 4.0.0]]

[2016-05-22T15:39:19.077-0300] [glassfish 4.0] [INFO] [AS-WEB-GLUE-00172] [javax.enterprise.web] [tid: _ThreadID=37 _ThreadName=admin-listener(5)] [timeMillis: 1463942359077] [levelValue: 800] [[
  Loading application [SSMS-PSA_y_Epicrisis-ear#SSMS-PSA_y_Epicrisis-web-1.0.war] at [/SSMS-PSA_y_Epicrisis-web]]]

[2016-05-22T15:39:19.147-0300] [glassfish 4.0] [INFO] [] [javax.enterprise.system.core] [tid: _ThreadID=37 _ThreadName=admin-listener(5)] [timeMillis: 1463942359147] [levelValue: 800] [[
  SSMS-PSA_y_Epicrisis-ear was successfully deployed in 15.106 milliseconds.]]

[2016-05-22T15:39:19.278-0300] [glassfish 4.0] [INFO] [AS-WEB-GLUE-00198] [javax.enterprise.web] [tid: _ThreadID=172 _ThreadName=pool-51-thread-1] [timeMillis: 1463942359278] [levelValue: 800] [[
  Created HTTP listener http-listener-1 on host/port 0.0.0.0:8080]]

[2016-05-22T15:39:19.285-0300] [glassfish 4.0] [WARNING] [] [javax.enterprise.web] [tid: _ThreadID=132 _ThreadName=http-listener-1(4)] [timeMillis: 1463942359285] [levelValue: 900] [[
  StandardWrapperValve[Faces Servlet]: Servlet.service() for servlet Faces Servlet threw exception
java.io.IOException: Connection closed
	at org.glassfish.grizzly.asyncqueue.TaskQueue.onClose(TaskQueue.java:298)
	at org.glassfish.grizzly.nio.AbstractNIOAsyncQueueWriter.onClose(AbstractNIOAsyncQueueWriter.java:613)
	at org.glassfish.grizzly.nio.transport.TCPNIOTransport.closeConnection(TCPNIOTransport.java:611)
	at org.glassfish.grizzly.nio.NIOConnection$3.failed(NIOConnection.java:450)
	at org.glassfish.grizzly.nio.DefaultSelectorHandler$RunnableTask.cancel(DefaultSelectorHandler.java:505)
	at org.glassfish.grizzly.nio.DefaultSelectorHandler.addPendingTask(DefaultSelectorHandler.java:277)
	at org.glassfish.grizzly.nio.DefaultSelectorHandler.execute(DefaultSelectorHandler.java:242)
	at org.glassfish.grizzly.nio.NIOConnection.close0(NIOConnection.java:426)
	at org.glassfish.grizzly.nio.transport.TCPNIOConnection.close0(TCPNIOConnection.java:291)
	at org.glassfish.grizzly.nio.NIOConnection.close(NIOConnection.java:405)
	at org.glassfish.grizzly.nio.NIOConnection.closeSilently(NIOConnection.java:411)
	at org.glassfish.grizzly.nio.SelectorRunner.shutdownSelector(SelectorRunner.java:232)
	at org.glassfish.grizzly.nio.SelectorRunner.run(SelectorRunner.java:291)
	at org.glassfish.grizzly.threadpool.AbstractThreadPool$Worker.doWork(AbstractThreadPool.java:564)
	at org.glassfish.grizzly.threadpool.AbstractThreadPool$Worker.run(AbstractThreadPool.java:544)
	at java.lang.Thread.run(Thread.java:745)
]]

[2016-05-22T15:39:19.287-0300] [glassfish 4.0] [WARNING] [] [javax.enterprise.web] [tid: _ThreadID=130 _ThreadName=http-listener-1(2)] [timeMillis: 1463942359287] [levelValue: 900] [[
  StandardWrapperValve[Faces Servlet]: Servlet.service() for servlet Faces Servlet threw exception
java.io.IOException: Connection closed
	at org.glassfish.grizzly.asyncqueue.TaskQueue.onClose(TaskQueue.java:298)
	at org.glassfish.grizzly.nio.AbstractNIOAsyncQueueWriter.onClose(AbstractNIOAsyncQueueWriter.java:613)
	at org.glassfish.grizzly.nio.transport.TCPNIOTransport.closeConnection(TCPNIOTransport.java:611)
	at org.glassfish.grizzly.nio.NIOConnection$3.failed(NIOConnection.java:450)
	at org.glassfish.grizzly.nio.DefaultSelectorHandler$RunnableTask.cancel(DefaultSelectorHandler.java:505)
	at org.glassfish.grizzly.nio.DefaultSelectorHandler.addPendingTask(DefaultSelectorHandler.java:277)
	at org.glassfish.grizzly.nio.DefaultSelectorHandler.execute(DefaultSelectorHandler.java:242)
	at org.glassfish.grizzly.nio.NIOConnection.close0(NIOConnection.java:426)
	at org.glassfish.grizzly.nio.transport.TCPNIOConnection.close0(TCPNIOConnection.java:291)
	at org.glassfish.grizzly.nio.NIOConnection.close(NIOConnection.java:405)
	at org.glassfish.grizzly.nio.NIOConnection.closeSilently(NIOConnection.java:411)
	at org.glassfish.grizzly.nio.SelectorRunner.shutdownSelector(SelectorRunner.java:232)
	at org.glassfish.grizzly.nio.SelectorRunner.run(SelectorRunner.java:291)
	at org.glassfish.grizzly.threadpool.AbstractThreadPool$Worker.doWork(AbstractThreadPool.java:564)
	at org.glassfish.grizzly.threadpool.AbstractThreadPool$Worker.run(AbstractThreadPool.java:544)
	at java.lang.Thread.run(Thread.java:745)
]]

[2016-05-22T15:39:19.288-0300] [glassfish 4.0] [WARNING] [] [javax.enterprise.web] [tid: _ThreadID=133 _ThreadName=http-listener-1(5)] [timeMillis: 1463942359288] [levelValue: 900] [[
  StandardWrapperValve[Faces Servlet]: Servlet.service() for servlet Faces Servlet threw exception
java.io.IOException: Connection closed
	at org.glassfish.grizzly.asyncqueue.TaskQueue.onClose(TaskQueue.java:298)
	at org.glassfish.grizzly.nio.AbstractNIOAsyncQueueWriter.onClose(AbstractNIOAsyncQueueWriter.java:613)
	at org.glassfish.grizzly.nio.transport.TCPNIOTransport.closeConnection(TCPNIOTransport.java:611)
	at org.glassfish.grizzly.nio.NIOConnection$3.failed(NIOConnection.java:450)
	at org.glassfish.grizzly.nio.DefaultSelectorHandler$RunnableTask.cancel(DefaultSelectorHandler.java:505)
	at org.glassfish.grizzly.nio.DefaultSelectorHandler.addPendingTask(DefaultSelectorHandler.java:277)
	at org.glassfish.grizzly.nio.DefaultSelectorHandler.execute(DefaultSelectorHandler.java:242)
	at org.glassfish.grizzly.nio.NIOConnection.close0(NIOConnection.java:426)
	at org.glassfish.grizzly.nio.transport.TCPNIOConnection.close0(TCPNIOConnection.java:291)
	at org.glassfish.grizzly.nio.NIOConnection.close(NIOConnection.java:405)
	at org.glassfish.grizzly.nio.NIOConnection.closeSilently(NIOConnection.java:411)
	at org.glassfish.grizzly.nio.SelectorRunner.shutdownSelector(SelectorRunner.java:232)
	at org.glassfish.grizzly.nio.SelectorRunner.run(SelectorRunner.java:291)
	at org.glassfish.grizzly.threadpool.AbstractThreadPool$Worker.doWork(AbstractThreadPool.java:564)
	at org.glassfish.grizzly.threadpool.AbstractThreadPool$Worker.run(AbstractThreadPool.java:544)
	at java.lang.Thread.run(Thread.java:745)
]]

[2016-05-22T15:39:19.288-0300] [glassfish 4.0] [WARNING] [] [javax.enterprise.web] [tid: _ThreadID=129 _ThreadName=http-listener-1(1)] [timeMillis: 1463942359288] [levelValue: 900] [[
  StandardWrapperValve[Faces Servlet]: Servlet.service() for servlet Faces Servlet threw exception
java.io.IOException: Connection closed
	at org.glassfish.grizzly.asyncqueue.TaskQueue.onClose(TaskQueue.java:298)
	at org.glassfish.grizzly.nio.AbstractNIOAsyncQueueWriter.onClose(AbstractNIOAsyncQueueWriter.java:613)
	at org.glassfish.grizzly.nio.transport.TCPNIOTransport.closeConnection(TCPNIOTransport.java:611)
	at org.glassfish.grizzly.nio.NIOConnection$3.failed(NIOConnection.java:450)
	at org.glassfish.grizzly.nio.DefaultSelectorHandler$RunnableTask.cancel(DefaultSelectorHandler.java:505)
	at org.glassfish.grizzly.nio.DefaultSelectorHandler.addPendingTask(DefaultSelectorHandler.java:277)
	at org.glassfish.grizzly.nio.DefaultSelectorHandler.execute(DefaultSelectorHandler.java:242)
	at org.glassfish.grizzly.nio.NIOConnection.close0(NIOConnection.java:426)
	at org.glassfish.grizzly.nio.transport.TCPNIOConnection.close0(TCPNIOConnection.java:291)
	at org.glassfish.grizzly.nio.NIOConnection.close(NIOConnection.java:405)
	at org.glassfish.grizzly.nio.NIOConnection.closeSilently(NIOConnection.java:411)
	at org.glassfish.grizzly.nio.SelectorRunner.shutdownSelector(SelectorRunner.java:232)
	at org.glassfish.grizzly.nio.SelectorRunner.run(SelectorRunner.java:291)
	at org.glassfish.grizzly.threadpool.AbstractThreadPool$Worker.doWork(AbstractThreadPool.java:564)
	at org.glassfish.grizzly.threadpool.AbstractThreadPool$Worker.run(AbstractThreadPool.java:544)
	at java.lang.Thread.run(Thread.java:745)
]]

[2016-05-22T15:39:19.288-0300] [glassfish 4.0] [WARNING] [] [javax.enterprise.web] [tid: _ThreadID=131 _ThreadName=http-listener-1(3)] [timeMillis: 1463942359288] [levelValue: 900] [[
  StandardWrapperValve[Faces Servlet]: Servlet.service() for servlet Faces Servlet threw exception
java.io.IOException: Connection closed
	at org.glassfish.grizzly.asyncqueue.TaskQueue.onClose(TaskQueue.java:298)
	at org.glassfish.grizzly.nio.AbstractNIOAsyncQueueWriter.onClose(AbstractNIOAsyncQueueWriter.java:613)
	at org.glassfish.grizzly.nio.transport.TCPNIOTransport.closeConnection(TCPNIOTransport.java:611)
	at org.glassfish.grizzly.nio.NIOConnection$3.failed(NIOConnection.java:450)
	at org.glassfish.grizzly.nio.DefaultSelectorHandler$RunnableTask.cancel(DefaultSelectorHandler.java:505)
	at org.glassfish.grizzly.nio.DefaultSelectorHandler.addPendingTask(DefaultSelectorHandler.java:277)
	at org.glassfish.grizzly.nio.DefaultSelectorHandler.execute(DefaultSelectorHandler.java:242)
	at org.glassfish.grizzly.nio.NIOConnection.close0(NIOConnection.java:426)
	at org.glassfish.grizzly.nio.transport.TCPNIOConnection.close0(TCPNIOConnection.java:291)
	at org.glassfish.grizzly.nio.NIOConnection.close(NIOConnection.java:405)
	at org.glassfish.grizzly.nio.NIOConnection.closeSilently(NIOConnection.java:411)
	at org.glassfish.grizzly.nio.SelectorRunner.shutdownSelector(SelectorRunner.java:232)
	at org.glassfish.grizzly.nio.SelectorRunner.run(SelectorRunner.java:291)
	at org.glassfish.grizzly.threadpool.AbstractThreadPool$Worker.doWork(AbstractThreadPool.java:564)
	at org.glassfish.grizzly.threadpool.AbstractThreadPool$Worker.run(AbstractThreadPool.java:544)
	at java.lang.Thread.run(Thread.java:745)
]]

[2016-05-22T15:39:19.400-0300] [glassfish 4.0] [INFO] [] [javax.enterprise.system.core] [tid: _ThreadID=172 _ThreadName=pool-51-thread-1] [timeMillis: 1463942359400] [levelValue: 800] [[
  Grizzly Framework 2.3.1 started in: 104ms - bound to [/0.0.0.0:8.080]]]

[2016-05-22T15:39:24.084-0300] [glassfish 4.0] [WARNING] [jsf.externalcontext.no.mime.type.found] [javax.enterprise.resource.webcontainer.jsf.context] [tid: _ThreadID=188 _ThreadName=http-listener-1(1)] [timeMillis: 1463942364084] [levelValue: 900] [[
  JSF1091: no se ha encontrado ningn tipo MIME para el archivo fonts/glyphicons-halflings-regular.woff2.  Para resolverlo, agregue una asignacin de tipo MIME al archivo web.xml de la aplicacin.]]

[2016-05-22T15:39:24.093-0300] [glassfish 4.0] [WARNING] [jsf.externalcontext.no.mime.type.found] [javax.enterprise.resource.webcontainer.jsf.context] [tid: _ThreadID=188 _ThreadName=http-listener-1(1)] [timeMillis: 1463942364093] [levelValue: 900] [[
  JSF1091: no se ha encontrado ningn tipo MIME para el archivo fonts/glyphicons-halflings-regular.woff2.  Para resolverlo, agregue una asignacin de tipo MIME al archivo web.xml de la aplicacin.]]

[2016-05-22T15:39:42.454-0300] [glassfish 4.0] [INFO] [] [] [tid: _ThreadID=189 _ThreadName=Thread-3] [timeMillis: 1463942382454] [levelValue: 800] [[
  entities.Rol[ id=1 ]]]

[2016-05-22T15:39:42.574-0300] [glassfish 4.0] [WARNING] [jsf.viewhandler.requestpath.recursion] [javax.enterprise.resource.webcontainer.jsf.application] [tid: _ThreadID=189 _ThreadName=http-listener-1(2)] [timeMillis: 1463942382574] [levelValue: 900] [[
  JSF1015: la ruta de solicitud '/faces/home.xhtml' comienza con una o varias apariciones de la asignacin de ruta de prefijo de FacesServlet '/faces'.]]

[2016-05-22T15:39:43.734-0300] [glassfish 4.0] [WARNING] [jsf.externalcontext.no.mime.type.found] [javax.enterprise.resource.webcontainer.jsf.context] [tid: _ThreadID=191 _ThreadName=http-listener-1(4)] [timeMillis: 1463942383734] [levelValue: 900] [[
  JSF1091: no se ha encontrado ningn tipo MIME para el archivo fonts/glyphicons-halflings-regular.woff2.  Para resolverlo, agregue una asignacin de tipo MIME al archivo web.xml de la aplicacin.]]

[2016-05-22T15:39:43.736-0300] [glassfish 4.0] [WARNING] [jsf.externalcontext.no.mime.type.found] [javax.enterprise.resource.webcontainer.jsf.context] [tid: _ThreadID=191 _ThreadName=http-listener-1(4)] [timeMillis: 1463942383736] [levelValue: 900] [[
  JSF1091: no se ha encontrado ningn tipo MIME para el archivo fonts/glyphicons-halflings-regular.woff2.  Para resolverlo, agregue una asignacin de tipo MIME al archivo web.xml de la aplicacin.]]

[2016-05-22T15:39:58.560-0300] [glassfish 4.0] [WARNING] [jsf.externalcontext.no.mime.type.found] [javax.enterprise.resource.webcontainer.jsf.context] [tid: _ThreadID=188 _ThreadName=http-listener-1(1)] [timeMillis: 1463942398560] [levelValue: 900] [[
  JSF1091: no se ha encontrado ningn tipo MIME para el archivo fonts/glyphicons-halflings-regular.woff2.  Para resolverlo, agregue una asignacin de tipo MIME al archivo web.xml de la aplicacin.]]

[2016-05-22T15:39:58.562-0300] [glassfish 4.0] [WARNING] [jsf.externalcontext.no.mime.type.found] [javax.enterprise.resource.webcontainer.jsf.context] [tid: _ThreadID=188 _ThreadName=http-listener-1(1)] [timeMillis: 1463942398562] [levelValue: 900] [[
  JSF1091: no se ha encontrado ningn tipo MIME para el archivo fonts/glyphicons-halflings-regular.woff2.  Para resolverlo, agregue una asignacin de tipo MIME al archivo web.xml de la aplicacin.]]

[2016-05-22T15:40:13.803-0300] [glassfish 4.0] [WARNING] [jsf.externalcontext.no.mime.type.found] [javax.enterprise.resource.webcontainer.jsf.context] [tid: _ThreadID=190 _ThreadName=http-listener-1(3)] [timeMillis: 1463942413803] [levelValue: 900] [[
  JSF1091: no se ha encontrado ningn tipo MIME para el archivo fonts/glyphicons-halflings-regular.woff2.  Para resolverlo, agregue una asignacin de tipo MIME al archivo web.xml de la aplicacin.]]

[2016-05-22T15:40:13.805-0300] [glassfish 4.0] [WARNING] [jsf.externalcontext.no.mime.type.found] [javax.enterprise.resource.webcontainer.jsf.context] [tid: _ThreadID=190 _ThreadName=http-listener-1(3)] [timeMillis: 1463942413805] [levelValue: 900] [[
  JSF1091: no se ha encontrado ningn tipo MIME para el archivo fonts/glyphicons-halflings-regular.woff2.  Para resolverlo, agregue una asignacin de tipo MIME al archivo web.xml de la aplicacin.]]

[2016-05-22T15:40:21.932-0300] [glassfish 4.0] [INFO] [] [] [tid: _ThreadID=189 _ThreadName=Thread-3] [timeMillis: 1463942421932] [levelValue: 800] [[
  prepare Create]]

[2016-05-22T15:40:46.695-0300] [glassfish 4.0] [WARNING] [jsf.viewhandler.requestpath.recursion] [javax.enterprise.resource.webcontainer.jsf.application] [tid: _ThreadID=188 _ThreadName=http-listener-1(1)] [timeMillis: 1463942446695] [levelValue: 900] [[
  JSF1015: la ruta de solicitud '/faces/index.xhtml' comienza con una o varias apariciones de la asignacin de ruta de prefijo de FacesServlet '/faces'.]]

[2016-05-22T15:40:47.917-0300] [glassfish 4.0] [WARNING] [jsf.externalcontext.no.mime.type.found] [javax.enterprise.resource.webcontainer.jsf.context] [tid: _ThreadID=190 _ThreadName=http-listener-1(3)] [timeMillis: 1463942447917] [levelValue: 900] [[
  JSF1091: no se ha encontrado ningn tipo MIME para el archivo fonts/glyphicons-halflings-regular.woff2.  Para resolverlo, agregue una asignacin de tipo MIME al archivo web.xml de la aplicacin.]]

[2016-05-22T15:40:47.918-0300] [glassfish 4.0] [WARNING] [jsf.externalcontext.no.mime.type.found] [javax.enterprise.resource.webcontainer.jsf.context] [tid: _ThreadID=190 _ThreadName=http-listener-1(3)] [timeMillis: 1463942447918] [levelValue: 900] [[
  JSF1091: no se ha encontrado ningn tipo MIME para el archivo fonts/glyphicons-halflings-regular.woff2.  Para resolverlo, agregue una asignacin de tipo MIME al archivo web.xml de la aplicacin.]]

[2016-05-22T15:42:45.560-0300] [glassfish 4.0] [INFO] [] [org.eclipse.persistence.session.file:/D:/documentos/USACH/2016/primer semestre/PINGESO/SSMS-PSA_y_Epicrisis/SSMS-PSA_y_Epicrisis/SSMS-PSA-y-Epicrisis/SSMS-PSA_y_Epicrisis-ear/target/gfdeploy/SSMS-PSA_y_Epicrisis-ear/SSMS-PSA_y_Epicrisis-ejb-1.0_jar/_cl.diinf_SSMS-PSA_y_Epicrisis-ejb_ejb_1.0PU.connection] [tid: _ThreadID=35 _ThreadName=admin-listener(3)] [timeMillis: 1463942565560] [levelValue: 800] [[
  file:/D:/documentos/USACH/2016/primer semestre/PINGESO/SSMS-PSA_y_Epicrisis/SSMS-PSA_y_Epicrisis/SSMS-PSA-y-Epicrisis/SSMS-PSA_y_Epicrisis-ear/target/gfdeploy/SSMS-PSA_y_Epicrisis-ear/SSMS-PSA_y_Epicrisis-ejb-1.0_jar/_cl.diinf_SSMS-PSA_y_Epicrisis-ejb_ejb_1.0PU logout successful]]

[2016-05-22T15:43:32.046-0300] [glassfish 4.0] [INFO] [] [javax.enterprise.system.core] [tid: _ThreadID=222 _ThreadName=Thread-27] [timeMillis: 1463942612046] [levelValue: 800] [[
  Server shutdown initiated]]

[2016-05-22T15:43:32.046-0300] [glassfish 4.0] [INFO] [NCLS-BOOTSTRAP-00028] [javax.enterprise.bootstrap] [tid: _ThreadID=222 _ThreadName=Thread-27] [timeMillis: 1463942612046] [levelValue: 800] [[
  Unregistered com.sun.enterprise.glassfish.bootstrap.osgi.EmbeddedOSGiGlassFishImpl@1a8b81e8 from service registry.]]

[2016-05-22T15:43:32.062-0300] [glassfish 4.0] [INFO] [NCLS-JMX-00002] [javax.enterprise.system.jmx] [tid: _ThreadID=222 _ThreadName=Thread-27] [timeMillis: 1463942612062] [levelValue: 800] [[
  JMXStartupService: Stopped JMXConnectorServer: null]]

[2016-05-22T15:43:32.062-0300] [glassfish 4.0] [INFO] [NCLS-JMX-00001] [javax.enterprise.system.jmx] [tid: _ThreadID=222 _ThreadName=Thread-27] [timeMillis: 1463942612062] [levelValue: 800] [[
  JMXStartupService and JMXConnectors have been shut down.]]

[2016-05-22T15:43:32.046-0300] [glassfish 4.0] [INFO] [] [] [tid: _ThreadID=222 _ThreadName=Thread-3] [timeMillis: 1463942612046] [levelValue: 800] [[
  FileMonitoring shutdown]]

[2016-05-22T15:43:32.354-0300] [glassfish 4.0] [INFO] [] [] [tid: _ThreadID=222 _ThreadName=Thread-3] [timeMillis: 1463942612354] [levelValue: 800] [[
  JdbcRuntimeExtension,  getAllSystemRAResourcesAndPools = [GlassFishConfigBean.org.glassfish.jdbc.config.JdbcResource, GlassFishConfigBean.org.glassfish.jdbc.config.JdbcResource, GlassFishConfigBean.org.glassfish.jdbc.config.JdbcResource, GlassFishConfigBean.org.glassfish.jdbc.config.JdbcConnectionPool, GlassFishConfigBean.org.glassfish.jdbc.config.JdbcConnectionPool, GlassFishConfigBean.org.glassfish.jdbc.config.JdbcConnectionPool, GlassFishConfigBean.org.glassfish.jdbc.config.JdbcResource, GlassFishConfigBean.org.glassfish.jdbc.config.JdbcConnectionPool, GlassFishConfigBean.org.glassfish.jdbc.config.JdbcConnectionPool, GlassFishConfigBean.org.glassfish.jdbc.config.JdbcResource, GlassFishConfigBean.org.glassfish.jdbc.config.JdbcConnectionPool, GlassFishConfigBean.org.glassfish.jdbc.config.JdbcResource]]]

[2016-05-22T15:43:32.432-0300] [glassfish 4.0] [INFO] [ra.stop-successful] [javax.enterprise.resource.resourceadapter.com.sun.enterprise.connectors.service] [tid: _ThreadID=225 _ThreadName=Thread-29] [timeMillis: 1463942612432] [levelValue: 800] [[
  RAR7094: __ds_jdbc_ra shutdown successful.]]

